{"/home/rich/Documents/code/openhab-rules-tools/countdownTimer.js": {"path":"/home/rich/Documents/code/openhab-rules-tools/countdownTimer.js","statementMap":{"0":{"start":{"line":1,"column":25},"end":{"line":1,"column":55}},"1":{"start":{"line":2,"column":33},"end":{"line":2,"column":51}},"2":{"start":{"line":3,"column":16},"end":{"line":3,"column":36}},"3":{"start":{"line":23,"column":4},"end":{"line":23,"column":54}},"4":{"start":{"line":24,"column":4},"end":{"line":24,"column":30}},"5":{"start":{"line":26,"column":4},"end":{"line":41,"column":5}},"6":{"start":{"line":27,"column":6},"end":{"line":27,"column":54}},"7":{"start":{"line":27,"column":15},"end":{"line":27,"column":54}},"8":{"start":{"line":28,"column":6},"end":{"line":28,"column":32}},"9":{"start":{"line":29,"column":6},"end":{"line":29,"column":34}},"10":{"start":{"line":30,"column":6},"end":{"line":30,"column":48}},"11":{"start":{"line":33,"column":6},"end":{"line":33,"column":71}},"12":{"start":{"line":34,"column":6},"end":{"line":34,"column":66}},"13":{"start":{"line":37,"column":6},"end":{"line":37,"column":33}},"14":{"start":{"line":38,"column":20},"end":{"line":38,"column":51}},"15":{"start":{"line":39,"column":6},"end":{"line":39,"column":59}},"16":{"start":{"line":40,"column":6},"end":{"line":40,"column":71}},"17":{"start":{"line":44,"column":16},"end":{"line":44,"column":47}},"18":{"start":{"line":45,"column":19},"end":{"line":45,"column":120}},"19":{"start":{"line":45,"column":58},"end":{"line":45,"column":85}},"20":{"start":{"line":45,"column":91},"end":{"line":45,"column":120}},"21":{"start":{"line":47,"column":14},"end":{"line":47,"column":43}},"22":{"start":{"line":48,"column":17},"end":{"line":48,"column":114}},"23":{"start":{"line":48,"column":56},"end":{"line":48,"column":81}},"24":{"start":{"line":48,"column":87},"end":{"line":48,"column":114}},"25":{"start":{"line":50,"column":18},"end":{"line":50,"column":51}},"26":{"start":{"line":51,"column":21},"end":{"line":51,"column":126}},"27":{"start":{"line":51,"column":60},"end":{"line":51,"column":89}},"28":{"start":{"line":51,"column":95},"end":{"line":51,"column":126}},"29":{"start":{"line":53,"column":16},"end":{"line":53,"column":47}},"30":{"start":{"line":54,"column":19},"end":{"line":54,"column":120}},"31":{"start":{"line":54,"column":58},"end":{"line":54,"column":85}},"32":{"start":{"line":54,"column":91},"end":{"line":54,"column":120}},"33":{"start":{"line":56,"column":19},"end":{"line":56,"column":53}},"34":{"start":{"line":57,"column":22},"end":{"line":57,"column":129}},"35":{"start":{"line":57,"column":61},"end":{"line":57,"column":91}},"36":{"start":{"line":57,"column":97},"end":{"line":57,"column":129}},"37":{"start":{"line":59,"column":20},"end":{"line":59,"column":55}},"38":{"start":{"line":60,"column":23},"end":{"line":60,"column":132}},"39":{"start":{"line":60,"column":62},"end":{"line":60,"column":93}},"40":{"start":{"line":60,"column":99},"end":{"line":60,"column":132}},"41":{"start":{"line":63,"column":4},"end":{"line":70,"column":5}},"42":{"start":{"line":64,"column":20},"end":{"line":64,"column":43}},"43":{"start":{"line":65,"column":6},"end":{"line":69,"column":7}},"44":{"start":{"line":66,"column":8},"end":{"line":66,"column":67}},"45":{"start":{"line":68,"column":8},"end":{"line":68,"column":46}},"46":{"start":{"line":71,"column":4},"end":{"line":71,"column":32}},"47":{"start":{"line":74,"column":4},"end":{"line":74,"column":31}},"48":{"start":{"line":83,"column":15},"end":{"line":83,"column":85}},"49":{"start":{"line":84,"column":4},"end":{"line":84,"column":50}},"50":{"start":{"line":93,"column":4},"end":{"line":103,"column":5}},"51":{"start":{"line":94,"column":6},"end":{"line":94,"column":27}},"52":{"start":{"line":95,"column":6},"end":{"line":102,"column":7}},"53":{"start":{"line":96,"column":24},"end":{"line":96,"column":94}},"54":{"start":{"line":97,"column":8},"end":{"line":97,"column":61}},"55":{"start":{"line":98,"column":8},"end":{"line":98,"column":22}},"56":{"start":{"line":101,"column":8},"end":{"line":101,"column":20}},"57":{"start":{"line":110,"column":4},"end":{"line":110,"column":38}},"58":{"start":{"line":118,"column":4},"end":{"line":118,"column":47}},"59":{"start":{"line":119,"column":4},"end":{"line":119,"column":27}},"60":{"start":{"line":120,"column":4},"end":{"line":120,"column":34}},"61":{"start":{"line":121,"column":4},"end":{"line":121,"column":31}},"62":{"start":{"line":137,"column":2},"end":{"line":137,"column":72}},"63":{"start":{"line":140,"column":0},"end":{"line":143,"column":1}}},"fnMap":{"0":{"name":"(anonymous_0)","decl":{"start":{"line":22,"column":2},"end":{"line":22,"column":3}},"loc":{"start":{"line":22,"column":58},"end":{"line":42,"column":3}},"line":22},"1":{"name":"(anonymous_1)","decl":{"start":{"line":44,"column":2},"end":{"line":44,"column":3}},"loc":{"start":{"line":44,"column":14},"end":{"line":44,"column":49}},"line":44},"2":{"name":"(anonymous_2)","decl":{"start":{"line":45,"column":2},"end":{"line":45,"column":3}},"loc":{"start":{"line":45,"column":17},"end":{"line":45,"column":122}},"line":45},"3":{"name":"(anonymous_3)","decl":{"start":{"line":47,"column":2},"end":{"line":47,"column":3}},"loc":{"start":{"line":47,"column":12},"end":{"line":47,"column":45}},"line":47},"4":{"name":"(anonymous_4)","decl":{"start":{"line":48,"column":2},"end":{"line":48,"column":3}},"loc":{"start":{"line":48,"column":15},"end":{"line":48,"column":116}},"line":48},"5":{"name":"(anonymous_5)","decl":{"start":{"line":50,"column":2},"end":{"line":50,"column":3}},"loc":{"start":{"line":50,"column":16},"end":{"line":50,"column":53}},"line":50},"6":{"name":"(anonymous_6)","decl":{"start":{"line":51,"column":2},"end":{"line":51,"column":3}},"loc":{"start":{"line":51,"column":19},"end":{"line":51,"column":128}},"line":51},"7":{"name":"(anonymous_7)","decl":{"start":{"line":53,"column":2},"end":{"line":53,"column":3}},"loc":{"start":{"line":53,"column":14},"end":{"line":53,"column":49}},"line":53},"8":{"name":"(anonymous_8)","decl":{"start":{"line":54,"column":2},"end":{"line":54,"column":3}},"loc":{"start":{"line":54,"column":17},"end":{"line":54,"column":122}},"line":54},"9":{"name":"(anonymous_9)","decl":{"start":{"line":56,"column":2},"end":{"line":56,"column":3}},"loc":{"start":{"line":56,"column":17},"end":{"line":56,"column":55}},"line":56},"10":{"name":"(anonymous_10)","decl":{"start":{"line":57,"column":2},"end":{"line":57,"column":3}},"loc":{"start":{"line":57,"column":20},"end":{"line":57,"column":131}},"line":57},"11":{"name":"(anonymous_11)","decl":{"start":{"line":59,"column":2},"end":{"line":59,"column":3}},"loc":{"start":{"line":59,"column":18},"end":{"line":59,"column":57}},"line":59},"12":{"name":"(anonymous_12)","decl":{"start":{"line":60,"column":2},"end":{"line":60,"column":3}},"loc":{"start":{"line":60,"column":21},"end":{"line":60,"column":134}},"line":60},"13":{"name":"(anonymous_13)","decl":{"start":{"line":62,"column":2},"end":{"line":62,"column":3}},"loc":{"start":{"line":62,"column":23},"end":{"line":72,"column":3}},"line":62},"14":{"name":"(anonymous_14)","decl":{"start":{"line":73,"column":2},"end":{"line":73,"column":3}},"loc":{"start":{"line":73,"column":26},"end":{"line":75,"column":3}},"line":73},"15":{"name":"(anonymous_15)","decl":{"start":{"line":93,"column":11},"end":{"line":93,"column":12}},"loc":{"start":{"line":93,"column":17},"end":{"line":103,"column":5}},"line":93},"16":{"name":"(anonymous_16)","decl":{"start":{"line":109,"column":2},"end":{"line":109,"column":3}},"loc":{"start":{"line":109,"column":18},"end":{"line":111,"column":3}},"line":109},"17":{"name":"(anonymous_17)","decl":{"start":{"line":117,"column":2},"end":{"line":117,"column":3}},"loc":{"start":{"line":117,"column":11},"end":{"line":122,"column":3}},"line":117},"18":{"name":"getCountdownTimer","decl":{"start":{"line":136,"column":9},"end":{"line":136,"column":26}},"loc":{"start":{"line":136,"column":71},"end":{"line":138,"column":1}},"line":136}},"branchMap":{"0":{"loc":{"start":{"line":26,"column":4},"end":{"line":41,"column":5}},"type":"if","locations":[{"start":{"line":26,"column":4},"end":{"line":41,"column":5}},{"start":{},"end":{}}],"line":26},"1":{"loc":{"start":{"line":27,"column":6},"end":{"line":27,"column":54}},"type":"if","locations":[{"start":{"line":27,"column":6},"end":{"line":27,"column":54}},{"start":{},"end":{}}],"line":27},"2":{"loc":{"start":{"line":38,"column":20},"end":{"line":38,"column":51}},"type":"cond-expr","locations":[{"start":{"line":38,"column":26},"end":{"line":38,"column":39}},{"start":{"line":38,"column":42},"end":{"line":38,"column":51}}],"line":38},"3":{"loc":{"start":{"line":45,"column":19},"end":{"line":45,"column":120}},"type":"if","locations":[{"start":{"line":45,"column":19},"end":{"line":45,"column":120}},{"start":{"line":45,"column":91},"end":{"line":45,"column":120}}],"line":45},"4":{"loc":{"start":{"line":45,"column":23},"end":{"line":45,"column":56}},"type":"binary-expr","locations":[{"start":{"line":45,"column":23},"end":{"line":45,"column":35}},{"start":{"line":45,"column":39},"end":{"line":45,"column":56}}],"line":45},"5":{"loc":{"start":{"line":48,"column":17},"end":{"line":48,"column":114}},"type":"if","locations":[{"start":{"line":48,"column":17},"end":{"line":48,"column":114}},{"start":{"line":48,"column":87},"end":{"line":48,"column":114}}],"line":48},"6":{"loc":{"start":{"line":48,"column":21},"end":{"line":48,"column":54}},"type":"binary-expr","locations":[{"start":{"line":48,"column":21},"end":{"line":48,"column":33}},{"start":{"line":48,"column":37},"end":{"line":48,"column":54}}],"line":48},"7":{"loc":{"start":{"line":51,"column":21},"end":{"line":51,"column":126}},"type":"if","locations":[{"start":{"line":51,"column":21},"end":{"line":51,"column":126}},{"start":{"line":51,"column":95},"end":{"line":51,"column":126}}],"line":51},"8":{"loc":{"start":{"line":51,"column":25},"end":{"line":51,"column":58}},"type":"binary-expr","locations":[{"start":{"line":51,"column":25},"end":{"line":51,"column":37}},{"start":{"line":51,"column":41},"end":{"line":51,"column":58}}],"line":51},"9":{"loc":{"start":{"line":54,"column":19},"end":{"line":54,"column":120}},"type":"if","locations":[{"start":{"line":54,"column":19},"end":{"line":54,"column":120}},{"start":{"line":54,"column":91},"end":{"line":54,"column":120}}],"line":54},"10":{"loc":{"start":{"line":54,"column":23},"end":{"line":54,"column":56}},"type":"binary-expr","locations":[{"start":{"line":54,"column":23},"end":{"line":54,"column":35}},{"start":{"line":54,"column":39},"end":{"line":54,"column":56}}],"line":54},"11":{"loc":{"start":{"line":57,"column":22},"end":{"line":57,"column":129}},"type":"if","locations":[{"start":{"line":57,"column":22},"end":{"line":57,"column":129}},{"start":{"line":57,"column":97},"end":{"line":57,"column":129}}],"line":57},"12":{"loc":{"start":{"line":57,"column":26},"end":{"line":57,"column":59}},"type":"binary-expr","locations":[{"start":{"line":57,"column":26},"end":{"line":57,"column":38}},{"start":{"line":57,"column":42},"end":{"line":57,"column":59}}],"line":57},"13":{"loc":{"start":{"line":60,"column":23},"end":{"line":60,"column":132}},"type":"if","locations":[{"start":{"line":60,"column":23},"end":{"line":60,"column":132}},{"start":{"line":60,"column":99},"end":{"line":60,"column":132}}],"line":60},"14":{"loc":{"start":{"line":60,"column":27},"end":{"line":60,"column":60}},"type":"binary-expr","locations":[{"start":{"line":60,"column":27},"end":{"line":60,"column":39}},{"start":{"line":60,"column":43},"end":{"line":60,"column":60}}],"line":60},"15":{"loc":{"start":{"line":63,"column":4},"end":{"line":70,"column":5}},"type":"if","locations":[{"start":{"line":63,"column":4},"end":{"line":70,"column":5}},{"start":{},"end":{}}],"line":63},"16":{"loc":{"start":{"line":65,"column":6},"end":{"line":69,"column":7}},"type":"if","locations":[{"start":{"line":65,"column":6},"end":{"line":69,"column":7}},{"start":{"line":67,"column":13},"end":{"line":69,"column":7}}],"line":65},"17":{"loc":{"start":{"line":83,"column":15},"end":{"line":83,"column":85}},"type":"cond-expr","locations":[{"start":{"line":83,"column":59},"end":{"line":83,"column":60}},{"start":{"line":83,"column":63},"end":{"line":83,"column":85}}],"line":83},"18":{"loc":{"start":{"line":95,"column":6},"end":{"line":102,"column":7}},"type":"if","locations":[{"start":{"line":95,"column":6},"end":{"line":102,"column":7}},{"start":{"line":100,"column":11},"end":{"line":102,"column":7}}],"line":95},"19":{"loc":{"start":{"line":96,"column":24},"end":{"line":96,"column":94}},"type":"cond-expr","locations":[{"start":{"line":96,"column":68},"end":{"line":96,"column":80}},{"start":{"line":96,"column":83},"end":{"line":96,"column":94}}],"line":96}},"s":{"0":1,"1":1,"2":1,"3":2,"4":2,"5":2,"6":2,"7":0,"8":2,"9":2,"10":2,"11":2,"12":2,"13":2,"14":2,"15":2,"16":2,"17":2,"18":2,"19":0,"20":2,"21":4,"22":2,"23":0,"24":2,"25":17,"26":2,"27":0,"28":2,"29":2,"30":2,"31":0,"32":2,"33":28,"34":8,"35":0,"36":8,"37":7,"38":2,"39":0,"40":2,"41":0,"42":0,"43":0,"44":0,"45":0,"46":0,"47":0,"48":7,"49":7,"50":2,"51":6,"52":6,"53":5,"54":5,"55":5,"56":1,"57":1,"58":1,"59":1,"60":1,"61":1,"62":0,"63":1},"f":{"0":2,"1":2,"2":2,"3":4,"4":2,"5":17,"6":2,"7":2,"8":2,"9":28,"10":8,"11":7,"12":2,"13":0,"14":0,"15":6,"16":1,"17":1,"18":0},"b":{"0":[2,0],"1":[0,2],"2":[0,2],"3":[0,2],"4":[2,2],"5":[0,2],"6":[2,2],"7":[0,2],"8":[2,2],"9":[0,2],"10":[2,2],"11":[0,8],"12":[8,8],"13":[0,2],"14":[2,2],"15":[0,0],"16":[0,0],"17":[2,5],"18":[5,1],"19":[0,5]},"_coverageSchema":"1a1c01bbd47fc00a2c39e90264f33305004495a9","hash":"158ba6eb6567b07d4c8d101098b76df3c21d5dd5"}
,"/home/rich/Documents/code/openhab-rules-tools/deferred.js": {"path":"/home/rich/Documents/code/openhab-rules-tools/deferred.js","statementMap":{"0":{"start":{"line":1,"column":21},"end":{"line":1,"column":51}},"1":{"start":{"line":2,"column":24},"end":{"line":2,"column":42}},"2":{"start":{"line":15,"column":4},"end":{"line":15,"column":42}},"3":{"start":{"line":25,"column":17},"end":{"line":25,"column":38}},"4":{"start":{"line":26,"column":4},"end":{"line":26,"column":80}},"5":{"start":{"line":26,"column":17},"end":{"line":26,"column":79}},"6":{"start":{"line":38,"column":24},"end":{"line":38,"column":40}},"7":{"start":{"line":39,"column":4},"end":{"line":41,"column":5}},"8":{"start":{"line":40,"column":6},"end":{"line":40,"column":33}},"9":{"start":{"line":42,"column":4},"end":{"line":42,"column":31}},"10":{"start":{"line":43,"column":4},"end":{"line":43,"column":108}},"11":{"start":{"line":51,"column":4},"end":{"line":51,"column":31}},"12":{"start":{"line":58,"column":4},"end":{"line":58,"column":28}},"13":{"start":{"line":70,"column":2},"end":{"line":70,"column":37}},"14":{"start":{"line":73,"column":0},"end":{"line":76,"column":1}}},"fnMap":{"0":{"name":"(anonymous_0)","decl":{"start":{"line":14,"column":2},"end":{"line":14,"column":3}},"loc":{"start":{"line":14,"column":29},"end":{"line":16,"column":3}},"line":14},"1":{"name":"(anonymous_1)","decl":{"start":{"line":26,"column":11},"end":{"line":26,"column":12}},"loc":{"start":{"line":26,"column":17},"end":{"line":26,"column":79}},"line":26},"2":{"name":"(anonymous_2)","decl":{"start":{"line":37,"column":2},"end":{"line":37,"column":3}},"loc":{"start":{"line":37,"column":40},"end":{"line":44,"column":3}},"line":37},"3":{"name":"(anonymous_3)","decl":{"start":{"line":50,"column":2},"end":{"line":50,"column":3}},"loc":{"start":{"line":50,"column":17},"end":{"line":52,"column":3}},"line":50},"4":{"name":"(anonymous_4)","decl":{"start":{"line":57,"column":2},"end":{"line":57,"column":3}},"loc":{"start":{"line":57,"column":14},"end":{"line":59,"column":3}},"line":57},"5":{"name":"getDeferred","decl":{"start":{"line":69,"column":9},"end":{"line":69,"column":20}},"loc":{"start":{"line":69,"column":36},"end":{"line":71,"column":1}},"line":69}},"branchMap":{"0":{"loc":{"start":{"line":26,"column":17},"end":{"line":26,"column":79}},"type":"cond-expr","locations":[{"start":{"line":26,"column":31},"end":{"line":26,"column":54}},{"start":{"line":26,"column":57},"end":{"line":26,"column":79}}],"line":26},"1":{"loc":{"start":{"line":39,"column":4},"end":{"line":41,"column":5}},"type":"if","locations":[{"start":{"line":39,"column":4},"end":{"line":41,"column":5}},{"start":{},"end":{}}],"line":39}},"s":{"0":1,"1":1,"2":2,"3":2,"4":2,"5":2,"6":2,"7":2,"8":0,"9":2,"10":2,"11":0,"12":0,"13":0,"14":1},"f":{"0":2,"1":2,"2":2,"3":0,"4":0,"5":0},"b":{"0":[1,1],"1":[0,2]},"_coverageSchema":"1a1c01bbd47fc00a2c39e90264f33305004495a9","hash":"0cdd0e78047dd11eb815175678df3a72e0e2f1e1"}
,"/home/rich/Documents/code/openhab-rules-tools/gatekeeper.js": {"path":"/home/rich/Documents/code/openhab-rules-tools/gatekeeper.js","statementMap":{"0":{"start":{"line":1,"column":17},"end":{"line":1,"column":35}},"1":{"start":{"line":2,"column":16},"end":{"line":2,"column":36}},"2":{"start":{"line":19,"column":4},"end":{"line":19,"column":54}},"3":{"start":{"line":20,"column":21},"end":{"line":20,"column":54}},"4":{"start":{"line":21,"column":4},"end":{"line":23,"column":5}},"5":{"start":{"line":22,"column":6},"end":{"line":22,"column":51}},"6":{"start":{"line":24,"column":4},"end":{"line":26,"column":5}},"7":{"start":{"line":25,"column":6},"end":{"line":25,"column":35}},"8":{"start":{"line":30,"column":4},"end":{"line":30,"column":38}},"9":{"start":{"line":34,"column":4},"end":{"line":34,"column":35}},"10":{"start":{"line":38,"column":4},"end":{"line":42,"column":5}},"11":{"start":{"line":39,"column":6},"end":{"line":39,"column":33}},"12":{"start":{"line":41,"column":6},"end":{"line":41,"column":35}},"13":{"start":{"line":46,"column":4},"end":{"line":46,"column":34}},"14":{"start":{"line":56,"column":4},"end":{"line":78,"column":6}},"15":{"start":{"line":59,"column":6},"end":{"line":76,"column":7}},"16":{"start":{"line":60,"column":8},"end":{"line":60,"column":25}},"17":{"start":{"line":65,"column":24},"end":{"line":65,"column":42}},"18":{"start":{"line":66,"column":21},"end":{"line":66,"column":31}},"19":{"start":{"line":67,"column":23},"end":{"line":67,"column":35}},"20":{"start":{"line":68,"column":8},"end":{"line":68,"column":15}},"21":{"start":{"line":69,"column":22},"end":{"line":69,"column":34}},"22":{"start":{"line":71,"column":22},"end":{"line":71,"column":58}},"23":{"start":{"line":72,"column":22},"end":{"line":72,"column":44}},"24":{"start":{"line":73,"column":28},"end":{"line":73,"column":46}},"25":{"start":{"line":75,"column":8},"end":{"line":75,"column":110}},"26":{"start":{"line":88,"column":4},"end":{"line":88,"column":40}},"27":{"start":{"line":89,"column":4},"end":{"line":91,"column":5}},"28":{"start":{"line":90,"column":6},"end":{"line":90,"column":41}},"29":{"start":{"line":98,"column":4},"end":{"line":100,"column":5}},"30":{"start":{"line":99,"column":6},"end":{"line":99,"column":26}},"31":{"start":{"line":101,"column":4},"end":{"line":101,"column":26}},"32":{"start":{"line":109,"column":4},"end":{"line":109,"column":21}},"33":{"start":{"line":122,"column":4},"end":{"line":122,"column":47}},"34":{"start":{"line":125,"column":0},"end":{"line":128,"column":1}}},"fnMap":{"0":{"name":"(anonymous_0)","decl":{"start":{"line":18,"column":2},"end":{"line":18,"column":3}},"loc":{"start":{"line":18,"column":35},"end":{"line":27,"column":3}},"line":18},"1":{"name":"(anonymous_1)","decl":{"start":{"line":29,"column":2},"end":{"line":29,"column":3}},"loc":{"start":{"line":29,"column":17},"end":{"line":31,"column":3}},"line":29},"2":{"name":"(anonymous_2)","decl":{"start":{"line":33,"column":2},"end":{"line":33,"column":3}},"loc":{"start":{"line":33,"column":14},"end":{"line":35,"column":3}},"line":33},"3":{"name":"(anonymous_3)","decl":{"start":{"line":37,"column":2},"end":{"line":37,"column":3}},"loc":{"start":{"line":37,"column":17},"end":{"line":43,"column":3}},"line":37},"4":{"name":"(anonymous_4)","decl":{"start":{"line":45,"column":2},"end":{"line":45,"column":3}},"loc":{"start":{"line":45,"column":13},"end":{"line":47,"column":3}},"line":45},"5":{"name":"(anonymous_5)","decl":{"start":{"line":56,"column":11},"end":{"line":56,"column":12}},"loc":{"start":{"line":56,"column":17},"end":{"line":78,"column":5}},"line":56},"6":{"name":"(anonymous_6)","decl":{"start":{"line":87,"column":2},"end":{"line":87,"column":3}},"loc":{"start":{"line":87,"column":29},"end":{"line":92,"column":3}},"line":87},"7":{"name":"(anonymous_7)","decl":{"start":{"line":97,"column":2},"end":{"line":97,"column":3}},"loc":{"start":{"line":97,"column":14},"end":{"line":102,"column":3}},"line":97},"8":{"name":"(anonymous_8)","decl":{"start":{"line":108,"column":2},"end":{"line":108,"column":3}},"loc":{"start":{"line":108,"column":11},"end":{"line":110,"column":3}},"line":108},"9":{"name":"getGatekeeper","decl":{"start":{"line":121,"column":9},"end":{"line":121,"column":22}},"loc":{"start":{"line":121,"column":44},"end":{"line":123,"column":1}},"line":121}},"branchMap":{"0":{"loc":{"start":{"line":21,"column":4},"end":{"line":23,"column":5}},"type":"if","locations":[{"start":{"line":21,"column":4},"end":{"line":23,"column":5}},{"start":{},"end":{}}],"line":21},"1":{"loc":{"start":{"line":24,"column":4},"end":{"line":26,"column":5}},"type":"if","locations":[{"start":{"line":24,"column":4},"end":{"line":26,"column":5}},{"start":{},"end":{}}],"line":24},"2":{"loc":{"start":{"line":38,"column":4},"end":{"line":42,"column":5}},"type":"if","locations":[{"start":{"line":38,"column":4},"end":{"line":42,"column":5}},{"start":{"line":40,"column":11},"end":{"line":42,"column":5}}],"line":38},"3":{"loc":{"start":{"line":38,"column":8},"end":{"line":38,"column":41}},"type":"binary-expr","locations":[{"start":{"line":38,"column":8},"end":{"line":38,"column":20}},{"start":{"line":38,"column":24},"end":{"line":38,"column":41}}],"line":38},"4":{"loc":{"start":{"line":59,"column":6},"end":{"line":76,"column":7}},"type":"if","locations":[{"start":{"line":59,"column":6},"end":{"line":76,"column":7}},{"start":{"line":64,"column":11},"end":{"line":76,"column":7}}],"line":59},"5":{"loc":{"start":{"line":89,"column":4},"end":{"line":91,"column":5}},"type":"if","locations":[{"start":{"line":89,"column":4},"end":{"line":91,"column":5}},{"start":{},"end":{}}],"line":89},"6":{"loc":{"start":{"line":89,"column":8},"end":{"line":89,"column":57}},"type":"binary-expr","locations":[{"start":{"line":89,"column":8},"end":{"line":89,"column":27}},{"start":{"line":89,"column":31},"end":{"line":89,"column":57}}],"line":89},"7":{"loc":{"start":{"line":98,"column":4},"end":{"line":100,"column":5}},"type":"if","locations":[{"start":{"line":98,"column":4},"end":{"line":100,"column":5}},{"start":{},"end":{}}],"line":98}},"s":{"0":1,"1":1,"2":1,"3":1,"4":1,"5":1,"6":1,"7":1,"8":6,"9":3,"10":2,"11":0,"12":2,"13":2,"14":3,"15":2,"16":0,"17":2,"18":2,"19":2,"20":2,"21":2,"22":2,"23":2,"24":2,"25":2,"26":2,"27":2,"28":1,"29":0,"30":0,"31":0,"32":0,"33":0,"34":1},"f":{"0":1,"1":6,"2":3,"3":2,"4":2,"5":2,"6":2,"7":0,"8":0,"9":0},"b":{"0":[1,0],"1":[1,0],"2":[0,2],"3":[2,2],"4":[0,2],"5":[1,1],"6":[2,1],"7":[0,0]},"_coverageSchema":"1a1c01bbd47fc00a2c39e90264f33305004495a9","hash":"a1904827bf985e5b5258f2930f68642196409127"}
,"/home/rich/Documents/code/openhab-rules-tools/groupUtils.js": {"path":"/home/rich/Documents/code/openhab-rules-tools/groupUtils.js","statementMap":{"0":{"start":{"line":25,"column":29},"end":{"line":28,"column":1}},"1":{"start":{"line":26,"column":2},"end":{"line":26,"column":38}},"2":{"start":{"line":26,"column":18},"end":{"line":26,"column":38}},"3":{"start":{"line":26,"column":36},"end":{"line":26,"column":37}},"4":{"start":{"line":27,"column":2},"end":{"line":27,"column":74}},"5":{"start":{"line":37,"column":32},"end":{"line":40,"column":1}},"6":{"start":{"line":38,"column":2},"end":{"line":38,"column":38}},"7":{"start":{"line":38,"column":18},"end":{"line":38,"column":38}},"8":{"start":{"line":38,"column":36},"end":{"line":38,"column":37}},"9":{"start":{"line":39,"column":2},"end":{"line":39,"column":78}},"10":{"start":{"line":51,"column":24},"end":{"line":53,"column":1}},"11":{"start":{"line":52,"column":2},"end":{"line":52,"column":77}},"12":{"start":{"line":63,"column":28},"end":{"line":65,"column":1}},"13":{"start":{"line":64,"column":2},"end":{"line":64,"column":81}},"14":{"start":{"line":79,"column":27},"end":{"line":82,"column":1}},"15":{"start":{"line":80,"column":2},"end":{"line":81,"column":37}},"16":{"start":{"line":80,"column":47},"end":{"line":80,"column":57}},"17":{"start":{"line":91,"column":30},"end":{"line":94,"column":1}},"18":{"start":{"line":92,"column":2},"end":{"line":93,"column":37}},"19":{"start":{"line":92,"column":51},"end":{"line":92,"column":61}},"20":{"start":{"line":101,"column":17},"end":{"line":103,"column":1}},"21":{"start":{"line":102,"column":2},"end":{"line":102,"column":31}},"22":{"start":{"line":111,"column":16},"end":{"line":115,"column":1}},"23":{"start":{"line":112,"column":2},"end":{"line":114,"column":55}},"24":{"start":{"line":113,"column":23},"end":{"line":113,"column":46}},"25":{"start":{"line":114,"column":39},"end":{"line":114,"column":53}},"26":{"start":{"line":123,"column":16},"end":{"line":127,"column":1}},"27":{"start":{"line":124,"column":19},"end":{"line":124,"column":40}},"28":{"start":{"line":125,"column":14},"end":{"line":125,"column":27}},"29":{"start":{"line":126,"column":2},"end":{"line":126,"column":31}},"30":{"start":{"line":133,"column":16},"end":{"line":137,"column":1}},"31":{"start":{"line":134,"column":2},"end":{"line":136,"column":72}},"32":{"start":{"line":135,"column":23},"end":{"line":135,"column":46}},"33":{"start":{"line":136,"column":39},"end":{"line":136,"column":70}},"34":{"start":{"line":143,"column":16},"end":{"line":147,"column":1}},"35":{"start":{"line":144,"column":2},"end":{"line":146,"column":72}},"36":{"start":{"line":145,"column":23},"end":{"line":145,"column":46}},"37":{"start":{"line":146,"column":39},"end":{"line":146,"column":70}},"38":{"start":{"line":153,"column":18},"end":{"line":155,"column":1}},"39":{"start":{"line":154,"column":2},"end":{"line":154,"column":40}},"40":{"start":{"line":157,"column":0},"end":{"line":169,"column":1}}},"fnMap":{"0":{"name":"(anonymous_0)","decl":{"start":{"line":25,"column":29},"end":{"line":25,"column":30}},"loc":{"start":{"line":25,"column":65},"end":{"line":28,"column":1}},"line":25},"1":{"name":"(anonymous_1)","decl":{"start":{"line":26,"column":31},"end":{"line":26,"column":32}},"loc":{"start":{"line":26,"column":36},"end":{"line":26,"column":37}},"line":26},"2":{"name":"(anonymous_2)","decl":{"start":{"line":37,"column":32},"end":{"line":37,"column":33}},"loc":{"start":{"line":37,"column":68},"end":{"line":40,"column":1}},"line":37},"3":{"name":"(anonymous_3)","decl":{"start":{"line":38,"column":31},"end":{"line":38,"column":32}},"loc":{"start":{"line":38,"column":36},"end":{"line":38,"column":37}},"line":38},"4":{"name":"(anonymous_4)","decl":{"start":{"line":51,"column":24},"end":{"line":51,"column":25}},"loc":{"start":{"line":51,"column":71},"end":{"line":53,"column":1}},"line":51},"5":{"name":"(anonymous_5)","decl":{"start":{"line":63,"column":28},"end":{"line":63,"column":29}},"loc":{"start":{"line":63,"column":75},"end":{"line":65,"column":1}},"line":63},"6":{"name":"(anonymous_6)","decl":{"start":{"line":79,"column":27},"end":{"line":79,"column":28}},"loc":{"start":{"line":79,"column":66},"end":{"line":82,"column":1}},"line":79},"7":{"name":"(anonymous_7)","decl":{"start":{"line":80,"column":40},"end":{"line":80,"column":41}},"loc":{"start":{"line":80,"column":47},"end":{"line":80,"column":57}},"line":80},"8":{"name":"(anonymous_8)","decl":{"start":{"line":91,"column":30},"end":{"line":91,"column":31}},"loc":{"start":{"line":91,"column":69},"end":{"line":94,"column":1}},"line":91},"9":{"name":"(anonymous_9)","decl":{"start":{"line":92,"column":44},"end":{"line":92,"column":45}},"loc":{"start":{"line":92,"column":51},"end":{"line":92,"column":61}},"line":92},"10":{"name":"(anonymous_10)","decl":{"start":{"line":101,"column":17},"end":{"line":101,"column":18}},"loc":{"start":{"line":101,"column":24},"end":{"line":103,"column":1}},"line":101},"11":{"name":"(anonymous_11)","decl":{"start":{"line":111,"column":16},"end":{"line":111,"column":17}},"loc":{"start":{"line":111,"column":26},"end":{"line":115,"column":1}},"line":111},"12":{"name":"(anonymous_12)","decl":{"start":{"line":113,"column":18},"end":{"line":113,"column":19}},"loc":{"start":{"line":113,"column":23},"end":{"line":113,"column":46}},"line":113},"13":{"name":"(anonymous_13)","decl":{"start":{"line":114,"column":21},"end":{"line":114,"column":22}},"loc":{"start":{"line":114,"column":39},"end":{"line":114,"column":53}},"line":114},"14":{"name":"(anonymous_14)","decl":{"start":{"line":123,"column":16},"end":{"line":123,"column":17}},"loc":{"start":{"line":123,"column":26},"end":{"line":127,"column":1}},"line":123},"15":{"name":"(anonymous_15)","decl":{"start":{"line":133,"column":16},"end":{"line":133,"column":17}},"loc":{"start":{"line":133,"column":26},"end":{"line":137,"column":1}},"line":133},"16":{"name":"(anonymous_16)","decl":{"start":{"line":135,"column":18},"end":{"line":135,"column":19}},"loc":{"start":{"line":135,"column":23},"end":{"line":135,"column":46}},"line":135},"17":{"name":"(anonymous_17)","decl":{"start":{"line":136,"column":21},"end":{"line":136,"column":22}},"loc":{"start":{"line":136,"column":39},"end":{"line":136,"column":70}},"line":136},"18":{"name":"(anonymous_18)","decl":{"start":{"line":143,"column":16},"end":{"line":143,"column":17}},"loc":{"start":{"line":143,"column":26},"end":{"line":147,"column":1}},"line":143},"19":{"name":"(anonymous_19)","decl":{"start":{"line":145,"column":18},"end":{"line":145,"column":19}},"loc":{"start":{"line":145,"column":23},"end":{"line":145,"column":46}},"line":145},"20":{"name":"(anonymous_20)","decl":{"start":{"line":146,"column":21},"end":{"line":146,"column":22}},"loc":{"start":{"line":146,"column":39},"end":{"line":146,"column":70}},"line":146},"21":{"name":"(anonymous_21)","decl":{"start":{"line":153,"column":18},"end":{"line":153,"column":19}},"loc":{"start":{"line":153,"column":40},"end":{"line":155,"column":1}},"line":153}},"branchMap":{"0":{"loc":{"start":{"line":26,"column":2},"end":{"line":26,"column":38}},"type":"if","locations":[{"start":{"line":26,"column":2},"end":{"line":26,"column":38}},{"start":{},"end":{}}],"line":26},"1":{"loc":{"start":{"line":38,"column":2},"end":{"line":38,"column":38}},"type":"if","locations":[{"start":{"line":38,"column":2},"end":{"line":38,"column":38}},{"start":{},"end":{}}],"line":38},"2":{"loc":{"start":{"line":136,"column":39},"end":{"line":136,"column":70}},"type":"cond-expr","locations":[{"start":{"line":136,"column":57},"end":{"line":136,"column":62}},{"start":{"line":136,"column":65},"end":{"line":136,"column":70}}],"line":136},"3":{"loc":{"start":{"line":146,"column":39},"end":{"line":146,"column":70}},"type":"cond-expr","locations":[{"start":{"line":146,"column":57},"end":{"line":146,"column":62}},{"start":{"line":146,"column":65},"end":{"line":146,"column":70}}],"line":146}},"s":{"0":1,"1":3,"2":3,"3":6,"4":3,"5":1,"6":0,"7":0,"8":0,"9":0,"10":1,"11":1,"12":1,"13":0,"14":1,"15":1,"16":2,"17":1,"18":0,"19":0,"20":1,"21":10,"22":1,"23":2,"24":4,"25":2,"26":1,"27":1,"28":1,"29":1,"30":1,"31":1,"32":2,"33":1,"34":1,"35":1,"36":2,"37":1,"38":1,"39":1,"40":1},"f":{"0":3,"1":6,"2":0,"3":0,"4":1,"5":0,"6":1,"7":2,"8":0,"9":0,"10":10,"11":2,"12":4,"13":2,"14":1,"15":1,"16":2,"17":1,"18":1,"19":2,"20":1,"21":1},"b":{"0":[3,0],"1":[0,0],"2":[1,0],"3":[0,1]},"_coverageSchema":"1a1c01bbd47fc00a2c39e90264f33305004495a9","hash":"4dea27ec9b5b7c39a4d3fe264099cb1db7f7f6ac"}
,"/home/rich/Documents/code/openhab-rules-tools/helpers.js": {"path":"/home/rich/Documents/code/openhab-rules-tools/helpers.js","statementMap":{"0":{"start":{"line":1,"column":33},"end":{"line":1,"column":51}},"1":{"start":{"line":2,"column":16},"end":{"line":2,"column":49}},"2":{"start":{"line":15,"column":20},"end":{"line":25,"column":1}},"3":{"start":{"line":16,"column":18},"end":{"line":16,"column":34}},"4":{"start":{"line":17,"column":2},"end":{"line":23,"column":3}},"5":{"start":{"line":18,"column":4},"end":{"line":22,"column":5}},"6":{"start":{"line":19,"column":6},"end":{"line":19,"column":77}},"7":{"start":{"line":20,"column":11},"end":{"line":22,"column":5}},"8":{"start":{"line":21,"column":6},"end":{"line":21,"column":120}},"9":{"start":{"line":24,"column":2},"end":{"line":24,"column":66}},"10":{"start":{"line":44,"column":28},"end":{"line":95,"column":1}},"11":{"start":{"line":45,"column":15},"end":{"line":45,"column":19}},"12":{"start":{"line":46,"column":19},"end":{"line":46,"column":21}},"13":{"start":{"line":49,"column":19},"end":{"line":49,"column":35}},"14":{"start":{"line":50,"column":19},"end":{"line":50,"column":71}},"15":{"start":{"line":50,"column":43},"end":{"line":50,"column":70}},"16":{"start":{"line":53,"column":2},"end":{"line":67,"column":5}},"17":{"start":{"line":54,"column":4},"end":{"line":66,"column":5}},"18":{"start":{"line":55,"column":18},"end":{"line":55,"column":41}},"19":{"start":{"line":56,"column":6},"end":{"line":60,"column":7}},"20":{"start":{"line":57,"column":8},"end":{"line":57,"column":104}},"21":{"start":{"line":58,"column":8},"end":{"line":58,"column":23}},"22":{"start":{"line":59,"column":8},"end":{"line":59,"column":33}},"23":{"start":{"line":63,"column":6},"end":{"line":63,"column":79}},"24":{"start":{"line":64,"column":6},"end":{"line":64,"column":21}},"25":{"start":{"line":65,"column":6},"end":{"line":65,"column":31}},"26":{"start":{"line":70,"column":2},"end":{"line":84,"column":3}},"27":{"start":{"line":71,"column":4},"end":{"line":71,"column":51}},"28":{"start":{"line":72,"column":4},"end":{"line":72,"column":19}},"29":{"start":{"line":74,"column":7},"end":{"line":84,"column":3}},"30":{"start":{"line":75,"column":4},"end":{"line":75,"column":54}},"31":{"start":{"line":76,"column":4},"end":{"line":76,"column":19}},"32":{"start":{"line":79,"column":4},"end":{"line":83,"column":7}},"33":{"start":{"line":79,"column":38},"end":{"line":79,"column":74}},"34":{"start":{"line":80,"column":6},"end":{"line":80,"column":100}},"35":{"start":{"line":81,"column":6},"end":{"line":81,"column":21}},"36":{"start":{"line":82,"column":6},"end":{"line":82,"column":31}},"37":{"start":{"line":87,"column":2},"end":{"line":93,"column":3}},"38":{"start":{"line":88,"column":4},"end":{"line":88,"column":73}},"39":{"start":{"line":91,"column":4},"end":{"line":91,"column":111}},"40":{"start":{"line":91,"column":25},"end":{"line":91,"column":111}},"41":{"start":{"line":92,"column":4},"end":{"line":92,"column":24}},"42":{"start":{"line":94,"column":2},"end":{"line":94,"column":16}},"43":{"start":{"line":104,"column":28},"end":{"line":108,"column":1}},"44":{"start":{"line":105,"column":13},"end":{"line":105,"column":28}},"45":{"start":{"line":106,"column":2},"end":{"line":106,"column":96}},"46":{"start":{"line":106,"column":83},"end":{"line":106,"column":96}},"47":{"start":{"line":107,"column":2},"end":{"line":107,"column":26}},"48":{"start":{"line":118,"column":24},"end":{"line":131,"column":1}},"49":{"start":{"line":119,"column":2},"end":{"line":119,"column":127}},"50":{"start":{"line":119,"column":32},"end":{"line":119,"column":127}},"51":{"start":{"line":120,"column":2},"end":{"line":120,"column":127}},"52":{"start":{"line":120,"column":32},"end":{"line":120,"column":127}},"53":{"start":{"line":122,"column":20},"end":{"line":122,"column":41}},"54":{"start":{"line":123,"column":18},"end":{"line":123,"column":51}},"55":{"start":{"line":124,"column":20},"end":{"line":124,"column":41}},"56":{"start":{"line":125,"column":18},"end":{"line":125,"column":53}},"57":{"start":{"line":127,"column":2},"end":{"line":130,"column":17}},"58":{"start":{"line":127,"column":16},"end":{"line":127,"column":25}},"59":{"start":{"line":128,"column":7},"end":{"line":130,"column":17}},"60":{"start":{"line":128,"column":34},"end":{"line":128,"column":43}},"61":{"start":{"line":129,"column":7},"end":{"line":130,"column":17}},"62":{"start":{"line":129,"column":56},"end":{"line":129,"column":65}},"63":{"start":{"line":130,"column":7},"end":{"line":130,"column":17}},"64":{"start":{"line":140,"column":26},"end":{"line":147,"column":1}},"65":{"start":{"line":141,"column":2},"end":{"line":143,"column":72}},"66":{"start":{"line":142,"column":4},"end":{"line":143,"column":72}},"67":{"start":{"line":144,"column":2},"end":{"line":146,"column":55}},"68":{"start":{"line":145,"column":4},"end":{"line":146,"column":55}},"69":{"start":{"line":158,"column":22},"end":{"line":168,"column":1}},"70":{"start":{"line":159,"column":28},"end":{"line":159,"column":79}},"71":{"start":{"line":160,"column":2},"end":{"line":162,"column":3}},"72":{"start":{"line":161,"column":4},"end":{"line":161,"column":35}},"73":{"start":{"line":163,"column":12},"end":{"line":163,"column":77}},"74":{"start":{"line":164,"column":2},"end":{"line":166,"column":3}},"75":{"start":{"line":165,"column":4},"end":{"line":165,"column":35}},"76":{"start":{"line":167,"column":2},"end":{"line":167,"column":51}},"77":{"start":{"line":167,"column":26},"end":{"line":167,"column":49}},"78":{"start":{"line":170,"column":0},"end":{"line":177,"column":2}}},"fnMap":{"0":{"name":"(anonymous_0)","decl":{"start":{"line":15,"column":20},"end":{"line":15,"column":21}},"loc":{"start":{"line":15,"column":47},"end":{"line":25,"column":1}},"line":15},"1":{"name":"(anonymous_1)","decl":{"start":{"line":44,"column":28},"end":{"line":44,"column":29}},"loc":{"start":{"line":44,"column":69},"end":{"line":95,"column":1}},"line":44},"2":{"name":"(anonymous_2)","decl":{"start":{"line":50,"column":35},"end":{"line":50,"column":36}},"loc":{"start":{"line":50,"column":43},"end":{"line":50,"column":70}},"line":50},"3":{"name":"(anonymous_3)","decl":{"start":{"line":53,"column":19},"end":{"line":53,"column":20}},"loc":{"start":{"line":53,"column":27},"end":{"line":67,"column":3}},"line":53},"4":{"name":"(anonymous_4)","decl":{"start":{"line":79,"column":30},"end":{"line":79,"column":31}},"loc":{"start":{"line":79,"column":38},"end":{"line":79,"column":74}},"line":79},"5":{"name":"(anonymous_5)","decl":{"start":{"line":79,"column":84},"end":{"line":79,"column":85}},"loc":{"start":{"line":79,"column":92},"end":{"line":83,"column":5}},"line":79},"6":{"name":"(anonymous_6)","decl":{"start":{"line":104,"column":28},"end":{"line":104,"column":29}},"loc":{"start":{"line":104,"column":41},"end":{"line":108,"column":1}},"line":104},"7":{"name":"(anonymous_7)","decl":{"start":{"line":118,"column":24},"end":{"line":118,"column":25}},"loc":{"start":{"line":118,"column":36},"end":{"line":131,"column":1}},"line":118},"8":{"name":"(anonymous_8)","decl":{"start":{"line":140,"column":26},"end":{"line":140,"column":27}},"loc":{"start":{"line":140,"column":48},"end":{"line":147,"column":1}},"line":140},"9":{"name":"(anonymous_9)","decl":{"start":{"line":158,"column":22},"end":{"line":158,"column":23}},"loc":{"start":{"line":158,"column":41},"end":{"line":168,"column":1}},"line":158},"10":{"name":"(anonymous_10)","decl":{"start":{"line":167,"column":20},"end":{"line":167,"column":21}},"loc":{"start":{"line":167,"column":26},"end":{"line":167,"column":49}},"line":167}},"branchMap":{"0":{"loc":{"start":{"line":17,"column":2},"end":{"line":23,"column":3}},"type":"if","locations":[{"start":{"line":17,"column":2},"end":{"line":23,"column":3}},{"start":{},"end":{}}],"line":17},"1":{"loc":{"start":{"line":17,"column":6},"end":{"line":17,"column":41}},"type":"binary-expr","locations":[{"start":{"line":17,"column":6},"end":{"line":17,"column":19}},{"start":{"line":17,"column":23},"end":{"line":17,"column":41}}],"line":17},"2":{"loc":{"start":{"line":18,"column":4},"end":{"line":22,"column":5}},"type":"if","locations":[{"start":{"line":18,"column":4},"end":{"line":22,"column":5}},{"start":{"line":20,"column":11},"end":{"line":22,"column":5}}],"line":18},"3":{"loc":{"start":{"line":19,"column":39},"end":{"line":19,"column":75}},"type":"cond-expr","locations":[{"start":{"line":19,"column":61},"end":{"line":19,"column":70}},{"start":{"line":19,"column":73},"end":{"line":19,"column":75}}],"line":19},"4":{"loc":{"start":{"line":20,"column":11},"end":{"line":22,"column":5}},"type":"if","locations":[{"start":{"line":20,"column":11},"end":{"line":22,"column":5}},{"start":{},"end":{}}],"line":20},"5":{"loc":{"start":{"line":21,"column":82},"end":{"line":21,"column":118}},"type":"cond-expr","locations":[{"start":{"line":21,"column":104},"end":{"line":21,"column":113}},{"start":{"line":21,"column":116},"end":{"line":21,"column":118}}],"line":21},"6":{"loc":{"start":{"line":56,"column":6},"end":{"line":60,"column":7}},"type":"if","locations":[{"start":{"line":56,"column":6},"end":{"line":60,"column":7}},{"start":{},"end":{}}],"line":56},"7":{"loc":{"start":{"line":70,"column":2},"end":{"line":84,"column":3}},"type":"if","locations":[{"start":{"line":70,"column":2},"end":{"line":84,"column":3}},{"start":{"line":74,"column":7},"end":{"line":84,"column":3}}],"line":70},"8":{"loc":{"start":{"line":74,"column":7},"end":{"line":84,"column":3}},"type":"if","locations":[{"start":{"line":74,"column":7},"end":{"line":84,"column":3}},{"start":{"line":78,"column":7},"end":{"line":84,"column":3}}],"line":74},"9":{"loc":{"start":{"line":87,"column":2},"end":{"line":93,"column":3}},"type":"if","locations":[{"start":{"line":87,"column":2},"end":{"line":93,"column":3}},{"start":{"line":90,"column":7},"end":{"line":93,"column":3}}],"line":87},"10":{"loc":{"start":{"line":91,"column":4},"end":{"line":91,"column":111}},"type":"if","locations":[{"start":{"line":91,"column":4},"end":{"line":91,"column":111}},{"start":{},"end":{}}],"line":91},"11":{"loc":{"start":{"line":106,"column":2},"end":{"line":106,"column":96}},"type":"if","locations":[{"start":{"line":106,"column":2},"end":{"line":106,"column":96}},{"start":{},"end":{}}],"line":106},"12":{"loc":{"start":{"line":106,"column":6},"end":{"line":106,"column":81}},"type":"binary-expr","locations":[{"start":{"line":106,"column":6},"end":{"line":106,"column":22}},{"start":{"line":106,"column":26},"end":{"line":106,"column":47}},{"start":{"line":106,"column":51},"end":{"line":106,"column":81}}],"line":106},"13":{"loc":{"start":{"line":119,"column":2},"end":{"line":119,"column":127}},"type":"if","locations":[{"start":{"line":119,"column":2},"end":{"line":119,"column":127}},{"start":{},"end":{}}],"line":119},"14":{"loc":{"start":{"line":120,"column":2},"end":{"line":120,"column":127}},"type":"if","locations":[{"start":{"line":120,"column":2},"end":{"line":120,"column":127}},{"start":{},"end":{}}],"line":120},"15":{"loc":{"start":{"line":127,"column":2},"end":{"line":130,"column":17}},"type":"if","locations":[{"start":{"line":127,"column":2},"end":{"line":130,"column":17}},{"start":{"line":128,"column":7},"end":{"line":130,"column":17}}],"line":127},"16":{"loc":{"start":{"line":128,"column":7},"end":{"line":130,"column":17}},"type":"if","locations":[{"start":{"line":128,"column":7},"end":{"line":130,"column":17}},{"start":{"line":129,"column":7},"end":{"line":130,"column":17}}],"line":128},"17":{"loc":{"start":{"line":129,"column":7},"end":{"line":130,"column":17}},"type":"if","locations":[{"start":{"line":129,"column":7},"end":{"line":130,"column":17}},{"start":{"line":130,"column":7},"end":{"line":130,"column":17}}],"line":129},"18":{"loc":{"start":{"line":129,"column":11},"end":{"line":129,"column":54}},"type":"binary-expr","locations":[{"start":{"line":129,"column":11},"end":{"line":129,"column":33}},{"start":{"line":129,"column":37},"end":{"line":129,"column":54}}],"line":129},"19":{"loc":{"start":{"line":141,"column":2},"end":{"line":143,"column":72}},"type":"if","locations":[{"start":{"line":141,"column":2},"end":{"line":143,"column":72}},{"start":{},"end":{}}],"line":141},"20":{"loc":{"start":{"line":144,"column":2},"end":{"line":146,"column":55}},"type":"if","locations":[{"start":{"line":144,"column":2},"end":{"line":146,"column":55}},{"start":{},"end":{}}],"line":144},"21":{"loc":{"start":{"line":160,"column":2},"end":{"line":162,"column":3}},"type":"if","locations":[{"start":{"line":160,"column":2},"end":{"line":162,"column":3}},{"start":{},"end":{}}],"line":160},"22":{"loc":{"start":{"line":160,"column":6},"end":{"line":160,"column":39}},"type":"binary-expr","locations":[{"start":{"line":160,"column":6},"end":{"line":160,"column":18}},{"start":{"line":160,"column":22},"end":{"line":160,"column":39}}],"line":160},"23":{"loc":{"start":{"line":163,"column":12},"end":{"line":163,"column":77}},"type":"binary-expr","locations":[{"start":{"line":163,"column":12},"end":{"line":163,"column":20}},{"start":{"line":163,"column":25},"end":{"line":163,"column":76}}],"line":163},"24":{"loc":{"start":{"line":163,"column":25},"end":{"line":163,"column":76}},"type":"cond-expr","locations":[{"start":{"line":163,"column":56},"end":{"line":163,"column":69}},{"start":{"line":163,"column":72},"end":{"line":163,"column":76}}],"line":163},"25":{"loc":{"start":{"line":164,"column":2},"end":{"line":166,"column":3}},"type":"if","locations":[{"start":{"line":164,"column":2},"end":{"line":166,"column":3}},{"start":{},"end":{}}],"line":164}},"s":{"0":8,"1":8,"2":8,"3":15,"4":15,"5":11,"6":11,"7":0,"8":0,"9":15,"10":8,"11":1,"12":1,"13":1,"14":1,"15":1,"16":1,"17":0,"18":0,"19":0,"20":0,"21":0,"22":0,"23":0,"24":0,"25":0,"26":1,"27":0,"28":0,"29":1,"30":0,"31":0,"32":1,"33":0,"34":0,"35":0,"36":0,"37":1,"38":1,"39":0,"40":0,"41":0,"42":1,"43":8,"44":11,"45":11,"46":0,"47":11,"48":8,"49":6,"50":1,"51":5,"52":0,"53":5,"54":5,"55":5,"56":5,"57":5,"58":1,"59":4,"60":3,"61":1,"62":0,"63":1,"64":8,"65":1,"66":0,"67":1,"68":0,"69":8,"70":14,"71":14,"72":12,"73":2,"74":2,"75":0,"76":2,"77":2,"78":8},"f":{"0":15,"1":1,"2":1,"3":0,"4":0,"5":0,"6":11,"7":6,"8":1,"9":14,"10":2},"b":{"0":[11,4],"1":[15,10],"2":[11,0],"3":[11,0],"4":[0,0],"5":[0,0],"6":[0,0],"7":[0,1],"8":[0,1],"9":[1,0],"10":[0,0],"11":[0,11],"12":[11,11,11],"13":[1,5],"14":[0,5],"15":[1,4],"16":[3,1],"17":[0,1],"18":[1,1],"19":[0,1],"20":[0,1],"21":[12,2],"22":[14,14],"23":[2,0],"24":[0,0],"25":[0,2]},"_coverageSchema":"1a1c01bbd47fc00a2c39e90264f33305004495a9","hash":"20f0c13e31e9d9b34f4ee061afec6f2e63d493f8"}
,"/home/rich/Documents/code/openhab-rules-tools/index.js": {"path":"/home/rich/Documents/code/openhab-rules-tools/index.js","statementMap":{"0":{"start":{"line":1,"column":0},"end":{"line":37,"column":1}},"1":{"start":{"line":2,"column":20},"end":{"line":2,"column":52}},"2":{"start":{"line":4,"column":4},"end":{"line":4,"column":112}},"3":{"start":{"line":5,"column":4},"end":{"line":5,"column":35}},"4":{"start":{"line":7,"column":19},"end":{"line":7,"column":63}},"5":{"start":{"line":9,"column":4},"end":{"line":9,"column":132}},"6":{"start":{"line":10,"column":4},"end":{"line":10,"column":39}},"7":{"start":{"line":12,"column":23},"end":{"line":12,"column":75}},"8":{"start":{"line":14,"column":4},"end":{"line":14,"column":117}},"9":{"start":{"line":15,"column":4},"end":{"line":15,"column":36}},"10":{"start":{"line":17,"column":20},"end":{"line":17,"column":66}},"11":{"start":{"line":18,"column":20},"end":{"line":18,"column":52}},"12":{"start":{"line":20,"column":4},"end":{"line":20,"column":122}},"13":{"start":{"line":21,"column":4},"end":{"line":21,"column":38}},"14":{"start":{"line":23,"column":21},"end":{"line":23,"column":69}},"15":{"start":{"line":25,"column":4},"end":{"line":25,"column":112}},"16":{"start":{"line":26,"column":4},"end":{"line":26,"column":36}},"17":{"start":{"line":28,"column":19},"end":{"line":28,"column":63}},"18":{"start":{"line":30,"column":4},"end":{"line":30,"column":142}},"19":{"start":{"line":31,"column":4},"end":{"line":31,"column":42}},"20":{"start":{"line":33,"column":25},"end":{"line":33,"column":81}},"21":{"start":{"line":34,"column":21},"end":{"line":34,"column":54}},"22":{"start":{"line":35,"column":21},"end":{"line":35,"column":54}},"23":{"start":{"line":36,"column":18},"end":{"line":36,"column":48}}},"fnMap":{"0":{"name":"(anonymous_0)","decl":{"start":{"line":2,"column":2},"end":{"line":2,"column":3}},"loc":{"start":{"line":2,"column":18},"end":{"line":2,"column":54}},"line":2},"1":{"name":"(anonymous_1)","decl":{"start":{"line":3,"column":2},"end":{"line":3,"column":3}},"loc":{"start":{"line":3,"column":17},"end":{"line":6,"column":3}},"line":3},"2":{"name":"(anonymous_2)","decl":{"start":{"line":7,"column":2},"end":{"line":7,"column":3}},"loc":{"start":{"line":7,"column":17},"end":{"line":7,"column":65}},"line":7},"3":{"name":"(anonymous_3)","decl":{"start":{"line":8,"column":2},"end":{"line":8,"column":3}},"loc":{"start":{"line":8,"column":21},"end":{"line":11,"column":3}},"line":8},"4":{"name":"(anonymous_4)","decl":{"start":{"line":12,"column":2},"end":{"line":12,"column":3}},"loc":{"start":{"line":12,"column":21},"end":{"line":12,"column":77}},"line":12},"5":{"name":"(anonymous_5)","decl":{"start":{"line":13,"column":2},"end":{"line":13,"column":3}},"loc":{"start":{"line":13,"column":18},"end":{"line":16,"column":3}},"line":13},"6":{"name":"(anonymous_6)","decl":{"start":{"line":17,"column":2},"end":{"line":17,"column":3}},"loc":{"start":{"line":17,"column":18},"end":{"line":17,"column":68}},"line":17},"7":{"name":"(anonymous_7)","decl":{"start":{"line":18,"column":2},"end":{"line":18,"column":3}},"loc":{"start":{"line":18,"column":18},"end":{"line":18,"column":54}},"line":18},"8":{"name":"(anonymous_8)","decl":{"start":{"line":19,"column":2},"end":{"line":19,"column":3}},"loc":{"start":{"line":19,"column":19},"end":{"line":22,"column":3}},"line":19},"9":{"name":"(anonymous_9)","decl":{"start":{"line":23,"column":2},"end":{"line":23,"column":3}},"loc":{"start":{"line":23,"column":19},"end":{"line":23,"column":71}},"line":23},"10":{"name":"(anonymous_10)","decl":{"start":{"line":24,"column":2},"end":{"line":24,"column":3}},"loc":{"start":{"line":24,"column":17},"end":{"line":27,"column":3}},"line":24},"11":{"name":"(anonymous_11)","decl":{"start":{"line":28,"column":2},"end":{"line":28,"column":3}},"loc":{"start":{"line":28,"column":17},"end":{"line":28,"column":65}},"line":28},"12":{"name":"(anonymous_12)","decl":{"start":{"line":29,"column":2},"end":{"line":29,"column":3}},"loc":{"start":{"line":29,"column":23},"end":{"line":32,"column":3}},"line":29},"13":{"name":"(anonymous_13)","decl":{"start":{"line":33,"column":2},"end":{"line":33,"column":3}},"loc":{"start":{"line":33,"column":23},"end":{"line":33,"column":83}},"line":33},"14":{"name":"(anonymous_14)","decl":{"start":{"line":34,"column":2},"end":{"line":34,"column":3}},"loc":{"start":{"line":34,"column":19},"end":{"line":34,"column":56}},"line":34},"15":{"name":"(anonymous_15)","decl":{"start":{"line":35,"column":2},"end":{"line":35,"column":3}},"loc":{"start":{"line":35,"column":19},"end":{"line":35,"column":56}},"line":35},"16":{"name":"(anonymous_16)","decl":{"start":{"line":36,"column":2},"end":{"line":36,"column":3}},"loc":{"start":{"line":36,"column":16},"end":{"line":36,"column":50}},"line":36}},"branchMap":{},"s":{"0":2,"1":0,"2":0,"3":0,"4":1,"5":0,"6":0,"7":1,"8":0,"9":0,"10":0,"11":0,"12":0,"13":0,"14":0,"15":0,"16":0,"17":0,"18":0,"19":0,"20":0,"21":0,"22":0,"23":0},"f":{"0":0,"1":0,"2":1,"3":0,"4":1,"5":0,"6":0,"7":0,"8":0,"9":0,"10":0,"11":0,"12":0,"13":0,"14":0,"15":0,"16":0},"b":{},"_coverageSchema":"1a1c01bbd47fc00a2c39e90264f33305004495a9","hash":"9379acecadfb014a2584201e278e2fdbf44761e5"}
,"/home/rich/Documents/code/openhab-rules-tools/loopingTimer.js": {"path":"/home/rich/Documents/code/openhab-rules-tools/loopingTimer.js","statementMap":{"0":{"start":{"line":1,"column":16},"end":{"line":1,"column":36}},"1":{"start":{"line":2,"column":17},"end":{"line":2,"column":35}},"2":{"start":{"line":17,"column":4},"end":{"line":17,"column":54}},"3":{"start":{"line":21,"column":4},"end":{"line":21,"column":35}},"4":{"start":{"line":25,"column":4},"end":{"line":29,"column":5}},"5":{"start":{"line":26,"column":6},"end":{"line":26,"column":33}},"6":{"start":{"line":28,"column":6},"end":{"line":28,"column":35}},"7":{"start":{"line":33,"column":4},"end":{"line":33,"column":34}},"8":{"start":{"line":37,"column":4},"end":{"line":41,"column":5}},"9":{"start":{"line":38,"column":6},"end":{"line":38,"column":32}},"10":{"start":{"line":40,"column":6},"end":{"line":40,"column":34}},"11":{"start":{"line":52,"column":4},"end":{"line":52,"column":21}},"12":{"start":{"line":53,"column":4},"end":{"line":53,"column":21}},"13":{"start":{"line":54,"column":4},"end":{"line":57,"column":5}},"14":{"start":{"line":54,"column":15},"end":{"line":54,"column":30}},"15":{"start":{"line":56,"column":6},"end":{"line":56,"column":89}},"16":{"start":{"line":56,"column":51},"end":{"line":56,"column":65}},"17":{"start":{"line":67,"column":17},"end":{"line":67,"column":28}},"18":{"start":{"line":68,"column":4},"end":{"line":77,"column":5}},"19":{"start":{"line":69,"column":22},"end":{"line":69,"column":38}},"20":{"start":{"line":70,"column":6},"end":{"line":76,"column":7}},"21":{"start":{"line":71,"column":8},"end":{"line":72,"column":37}},"22":{"start":{"line":71,"column":67},"end":{"line":71,"column":81}},"23":{"start":{"line":75,"column":8},"end":{"line":75,"column":80}},"24":{"start":{"line":87,"column":4},"end":{"line":89,"column":5}},"25":{"start":{"line":88,"column":6},"end":{"line":88,"column":80}},"26":{"start":{"line":91,"column":4},"end":{"line":91,"column":16}},"27":{"start":{"line":98,"column":4},"end":{"line":100,"column":5}},"28":{"start":{"line":99,"column":6},"end":{"line":99,"column":26}},"29":{"start":{"line":107,"column":4},"end":{"line":107,"column":53}},"30":{"start":{"line":118,"column":2},"end":{"line":118,"column":41}},"31":{"start":{"line":121,"column":0},"end":{"line":124,"column":1}}},"fnMap":{"0":{"name":"(anonymous_0)","decl":{"start":{"line":16,"column":2},"end":{"line":16,"column":3}},"loc":{"start":{"line":16,"column":29},"end":{"line":18,"column":3}},"line":16},"1":{"name":"(anonymous_1)","decl":{"start":{"line":20,"column":2},"end":{"line":20,"column":3}},"loc":{"start":{"line":20,"column":14},"end":{"line":22,"column":3}},"line":20},"2":{"name":"(anonymous_2)","decl":{"start":{"line":24,"column":2},"end":{"line":24,"column":3}},"loc":{"start":{"line":24,"column":17},"end":{"line":30,"column":3}},"line":24},"3":{"name":"(anonymous_3)","decl":{"start":{"line":32,"column":2},"end":{"line":32,"column":3}},"loc":{"start":{"line":32,"column":13},"end":{"line":34,"column":3}},"line":32},"4":{"name":"(anonymous_4)","decl":{"start":{"line":36,"column":2},"end":{"line":36,"column":3}},"loc":{"start":{"line":36,"column":16},"end":{"line":42,"column":3}},"line":36},"5":{"name":"(anonymous_5)","decl":{"start":{"line":50,"column":2},"end":{"line":50,"column":3}},"loc":{"start":{"line":50,"column":25},"end":{"line":58,"column":3}},"line":50},"6":{"name":"(anonymous_6)","decl":{"start":{"line":56,"column":45},"end":{"line":56,"column":46}},"loc":{"start":{"line":56,"column":51},"end":{"line":56,"column":65}},"line":56},"7":{"name":"(anonymous_7)","decl":{"start":{"line":66,"column":2},"end":{"line":66,"column":3}},"loc":{"start":{"line":66,"column":12},"end":{"line":78,"column":3}},"line":66},"8":{"name":"(anonymous_8)","decl":{"start":{"line":71,"column":61},"end":{"line":71,"column":62}},"loc":{"start":{"line":71,"column":67},"end":{"line":71,"column":81}},"line":71},"9":{"name":"(anonymous_9)","decl":{"start":{"line":86,"column":2},"end":{"line":86,"column":3}},"loc":{"start":{"line":86,"column":16},"end":{"line":92,"column":3}},"line":86},"10":{"name":"(anonymous_10)","decl":{"start":{"line":97,"column":2},"end":{"line":97,"column":3}},"loc":{"start":{"line":97,"column":11},"end":{"line":101,"column":3}},"line":97},"11":{"name":"(anonymous_11)","decl":{"start":{"line":106,"column":2},"end":{"line":106,"column":3}},"loc":{"start":{"line":106,"column":18},"end":{"line":108,"column":3}},"line":106},"12":{"name":"getLoopingTimer","decl":{"start":{"line":117,"column":9},"end":{"line":117,"column":24}},"loc":{"start":{"line":117,"column":40},"end":{"line":119,"column":1}},"line":117}},"branchMap":{"0":{"loc":{"start":{"line":25,"column":4},"end":{"line":29,"column":5}},"type":"if","locations":[{"start":{"line":25,"column":4},"end":{"line":29,"column":5}},{"start":{"line":27,"column":11},"end":{"line":29,"column":5}}],"line":25},"1":{"loc":{"start":{"line":25,"column":8},"end":{"line":25,"column":41}},"type":"binary-expr","locations":[{"start":{"line":25,"column":8},"end":{"line":25,"column":20}},{"start":{"line":25,"column":24},"end":{"line":25,"column":41}}],"line":25},"2":{"loc":{"start":{"line":37,"column":4},"end":{"line":41,"column":5}},"type":"if","locations":[{"start":{"line":37,"column":4},"end":{"line":41,"column":5}},{"start":{"line":39,"column":11},"end":{"line":41,"column":5}}],"line":37},"3":{"loc":{"start":{"line":37,"column":8},"end":{"line":37,"column":41}},"type":"binary-expr","locations":[{"start":{"line":37,"column":8},"end":{"line":37,"column":20}},{"start":{"line":37,"column":24},"end":{"line":37,"column":41}}],"line":37},"4":{"loc":{"start":{"line":54,"column":4},"end":{"line":57,"column":5}},"type":"if","locations":[{"start":{"line":54,"column":4},"end":{"line":57,"column":5}},{"start":{"line":55,"column":9},"end":{"line":57,"column":5}}],"line":54},"5":{"loc":{"start":{"line":68,"column":4},"end":{"line":77,"column":5}},"type":"if","locations":[{"start":{"line":68,"column":4},"end":{"line":77,"column":5}},{"start":{},"end":{}}],"line":68},"6":{"loc":{"start":{"line":70,"column":6},"end":{"line":76,"column":7}},"type":"if","locations":[{"start":{"line":70,"column":6},"end":{"line":76,"column":7}},{"start":{"line":74,"column":11},"end":{"line":76,"column":7}}],"line":70},"7":{"loc":{"start":{"line":87,"column":4},"end":{"line":89,"column":5}},"type":"if","locations":[{"start":{"line":87,"column":4},"end":{"line":89,"column":5}},{"start":{},"end":{}}],"line":87},"8":{"loc":{"start":{"line":98,"column":4},"end":{"line":100,"column":5}},"type":"if","locations":[{"start":{"line":98,"column":4},"end":{"line":100,"column":5}},{"start":{},"end":{}}],"line":98},"9":{"loc":{"start":{"line":98,"column":8},"end":{"line":98,"column":43}},"type":"binary-expr","locations":[{"start":{"line":98,"column":8},"end":{"line":98,"column":18}},{"start":{"line":98,"column":22},"end":{"line":98,"column":43}}],"line":98},"10":{"loc":{"start":{"line":107,"column":11},"end":{"line":107,"column":52}},"type":"binary-expr","locations":[{"start":{"line":107,"column":11},"end":{"line":107,"column":22}},{"start":{"line":107,"column":26},"end":{"line":107,"column":52}}],"line":107}},"s":{"0":2,"1":2,"2":3,"3":2,"4":7,"5":0,"6":7,"7":6,"8":3,"9":2,"10":1,"11":3,"12":3,"13":3,"14":2,"15":1,"16":1,"17":8,"18":8,"19":6,"20":6,"21":6,"22":5,"23":0,"24":0,"25":0,"26":0,"27":0,"28":0,"29":1,"30":2,"31":2},"f":{"0":3,"1":2,"2":7,"3":6,"4":3,"5":3,"6":1,"7":8,"8":5,"9":0,"10":0,"11":1,"12":2},"b":{"0":[0,7],"1":[7,7],"2":[2,1],"3":[3,3],"4":[2,1],"5":[6,2],"6":[6,0],"7":[0,0],"8":[0,0],"9":[0,0],"10":[1,1]},"_coverageSchema":"1a1c01bbd47fc00a2c39e90264f33305004495a9","hash":"9954e99a33992bddb4cfef9cefc0ef99d21cf02f"}
,"/home/rich/Documents/code/openhab-rules-tools/rateLimit.js": {"path":"/home/rich/Documents/code/openhab-rules-tools/rateLimit.js","statementMap":{"0":{"start":{"line":1,"column":17},"end":{"line":1,"column":35}},"1":{"start":{"line":2,"column":16},"end":{"line":2,"column":36}},"2":{"start":{"line":17,"column":4},"end":{"line":17,"column":54}},"3":{"start":{"line":18,"column":4},"end":{"line":20,"column":5}},"4":{"start":{"line":19,"column":6},"end":{"line":19,"column":60}},"5":{"start":{"line":24,"column":4},"end":{"line":24,"column":35}},"6":{"start":{"line":28,"column":4},"end":{"line":32,"column":5}},"7":{"start":{"line":29,"column":6},"end":{"line":29,"column":33}},"8":{"start":{"line":31,"column":6},"end":{"line":31,"column":35}},"9":{"start":{"line":40,"column":4},"end":{"line":43,"column":5}},"10":{"start":{"line":41,"column":6},"end":{"line":41,"column":36}},"11":{"start":{"line":42,"column":6},"end":{"line":42,"column":13}},"12":{"start":{"line":54,"column":2},"end":{"line":54,"column":38}},"13":{"start":{"line":57,"column":0},"end":{"line":60,"column":1}}},"fnMap":{"0":{"name":"(anonymous_0)","decl":{"start":{"line":16,"column":2},"end":{"line":16,"column":3}},"loc":{"start":{"line":16,"column":29},"end":{"line":21,"column":3}},"line":16},"1":{"name":"(anonymous_1)","decl":{"start":{"line":23,"column":2},"end":{"line":23,"column":3}},"loc":{"start":{"line":23,"column":14},"end":{"line":25,"column":3}},"line":23},"2":{"name":"(anonymous_2)","decl":{"start":{"line":27,"column":2},"end":{"line":27,"column":3}},"loc":{"start":{"line":27,"column":17},"end":{"line":33,"column":3}},"line":27},"3":{"name":"(anonymous_3)","decl":{"start":{"line":39,"column":2},"end":{"line":39,"column":3}},"loc":{"start":{"line":39,"column":18},"end":{"line":44,"column":3}},"line":39},"4":{"name":"getRateLimit","decl":{"start":{"line":53,"column":9},"end":{"line":53,"column":21}},"loc":{"start":{"line":53,"column":37},"end":{"line":55,"column":1}},"line":53}},"branchMap":{"0":{"loc":{"start":{"line":18,"column":4},"end":{"line":20,"column":5}},"type":"if","locations":[{"start":{"line":18,"column":4},"end":{"line":20,"column":5}},{"start":{},"end":{}}],"line":18},"1":{"loc":{"start":{"line":28,"column":4},"end":{"line":32,"column":5}},"type":"if","locations":[{"start":{"line":28,"column":4},"end":{"line":32,"column":5}},{"start":{"line":30,"column":11},"end":{"line":32,"column":5}}],"line":28},"2":{"loc":{"start":{"line":28,"column":8},"end":{"line":28,"column":41}},"type":"binary-expr","locations":[{"start":{"line":28,"column":8},"end":{"line":28,"column":20}},{"start":{"line":28,"column":24},"end":{"line":28,"column":41}}],"line":28},"3":{"loc":{"start":{"line":40,"column":4},"end":{"line":43,"column":5}},"type":"if","locations":[{"start":{"line":40,"column":4},"end":{"line":43,"column":5}},{"start":{},"end":{}}],"line":40}},"s":{"0":2,"1":2,"2":2,"3":2,"4":2,"5":6,"6":4,"7":0,"8":4,"9":6,"10":4,"11":4,"12":0,"13":2},"f":{"0":2,"1":6,"2":4,"3":6,"4":0},"b":{"0":[2,0],"1":[0,4],"2":[4,4],"3":[4,2]},"_coverageSchema":"1a1c01bbd47fc00a2c39e90264f33305004495a9","hash":"b59e1c4f62d80ec7d356e626e7addc6aa41ccbd1"}
,"/home/rich/Documents/code/openhab-rules-tools/rulesUtils.js": {"path":"/home/rich/Documents/code/openhab-rules-tools/rulesUtils.js","statementMap":{"0":{"start":{"line":1,"column":20},"end":{"line":1,"column":78}},"1":{"start":{"line":2,"column":21},"end":{"line":2,"column":80}},"2":{"start":{"line":3,"column":25},"end":{"line":3,"column":44}},"3":{"start":{"line":12,"column":25},"end":{"line":19,"column":1}},"4":{"start":{"line":13,"column":17},"end":{"line":13,"column":19}},"5":{"start":{"line":14,"column":2},"end":{"line":16,"column":5}},"6":{"start":{"line":15,"column":4},"end":{"line":15,"column":35}},"7":{"start":{"line":17,"column":2},"end":{"line":17,"column":106}},"8":{"start":{"line":17,"column":43},"end":{"line":17,"column":106}},"9":{"start":{"line":18,"column":2},"end":{"line":18,"column":18}},"10":{"start":{"line":27,"column":19},"end":{"line":29,"column":1}},"11":{"start":{"line":28,"column":2},"end":{"line":28,"column":51}},"12":{"start":{"line":37,"column":19},"end":{"line":46,"column":1}},"13":{"start":{"line":38,"column":2},"end":{"line":38,"column":89}},"14":{"start":{"line":39,"column":2},"end":{"line":45,"column":3}},"15":{"start":{"line":40,"column":4},"end":{"line":40,"column":29}},"16":{"start":{"line":41,"column":4},"end":{"line":41,"column":28}},"17":{"start":{"line":44,"column":4},"end":{"line":44,"column":17}},"18":{"start":{"line":58,"column":21},"end":{"line":87,"column":1}},"19":{"start":{"line":59,"column":2},"end":{"line":59,"column":78}},"20":{"start":{"line":60,"column":2},"end":{"line":60,"column":48}},"21":{"start":{"line":62,"column":2},"end":{"line":62,"column":54}},"22":{"start":{"line":62,"column":22},"end":{"line":62,"column":54}},"23":{"start":{"line":62,"column":42},"end":{"line":62,"column":54}},"24":{"start":{"line":64,"column":2},"end":{"line":64,"column":48}},"25":{"start":{"line":65,"column":2},"end":{"line":65,"column":30}},"26":{"start":{"line":67,"column":13},"end":{"line":74,"column":3}},"27":{"start":{"line":75,"column":2},"end":{"line":75,"column":34}},"28":{"start":{"line":78,"column":2},"end":{"line":85,"column":5}},"29":{"start":{"line":104,"column":31},"end":{"line":114,"column":1}},"30":{"start":{"line":107,"column":24},"end":{"line":108,"column":93}},"31":{"start":{"line":108,"column":20},"end":{"line":108,"column":92}},"32":{"start":{"line":110,"column":2},"end":{"line":110,"column":71}},"33":{"start":{"line":111,"column":2},"end":{"line":111,"column":28}},"34":{"start":{"line":111,"column":16},"end":{"line":111,"column":28}},"35":{"start":{"line":112,"column":2},"end":{"line":112,"column":72}},"36":{"start":{"line":129,"column":27},"end":{"line":135,"column":1}},"37":{"start":{"line":131,"column":24},"end":{"line":131,"column":48}},"38":{"start":{"line":132,"column":2},"end":{"line":132,"column":71}},"39":{"start":{"line":133,"column":2},"end":{"line":133,"column":28}},"40":{"start":{"line":133,"column":16},"end":{"line":133,"column":28}},"41":{"start":{"line":134,"column":2},"end":{"line":134,"column":72}},"42":{"start":{"line":146,"column":16},"end":{"line":165,"column":1}},"43":{"start":{"line":147,"column":2},"end":{"line":147,"column":82}},"44":{"start":{"line":150,"column":2},"end":{"line":155,"column":3}},"45":{"start":{"line":151,"column":29},"end":{"line":151,"column":60}},"46":{"start":{"line":152,"column":17},"end":{"line":153,"column":64}},"47":{"start":{"line":153,"column":36},"end":{"line":153,"column":63}},"48":{"start":{"line":154,"column":4},"end":{"line":154,"column":46}},"49":{"start":{"line":158,"column":2},"end":{"line":164,"column":3}},"50":{"start":{"line":159,"column":4},"end":{"line":159,"column":50}},"51":{"start":{"line":160,"column":4},"end":{"line":160,"column":16}},"52":{"start":{"line":163,"column":4},"end":{"line":163,"column":17}},"53":{"start":{"line":167,"column":0},"end":{"line":175,"column":1}}},"fnMap":{"0":{"name":"(anonymous_0)","decl":{"start":{"line":12,"column":25},"end":{"line":12,"column":26}},"loc":{"start":{"line":12,"column":59},"end":{"line":19,"column":1}},"line":12},"1":{"name":"(anonymous_1)","decl":{"start":{"line":14,"column":15},"end":{"line":14,"column":16}},"loc":{"start":{"line":14,"column":20},"end":{"line":16,"column":3}},"line":14},"2":{"name":"(anonymous_2)","decl":{"start":{"line":27,"column":19},"end":{"line":27,"column":20}},"loc":{"start":{"line":27,"column":28},"end":{"line":29,"column":1}},"line":27},"3":{"name":"(anonymous_3)","decl":{"start":{"line":37,"column":19},"end":{"line":37,"column":20}},"loc":{"start":{"line":37,"column":28},"end":{"line":46,"column":1}},"line":37},"4":{"name":"(anonymous_4)","decl":{"start":{"line":58,"column":21},"end":{"line":58,"column":22}},"loc":{"start":{"line":58,"column":79},"end":{"line":87,"column":1}},"line":58},"5":{"name":"(anonymous_5)","decl":{"start":{"line":104,"column":31},"end":{"line":104,"column":32}},"loc":{"start":{"line":105,"column":74},"end":{"line":114,"column":1}},"line":105},"6":{"name":"(anonymous_6)","decl":{"start":{"line":108,"column":15},"end":{"line":108,"column":16}},"loc":{"start":{"line":108,"column":20},"end":{"line":108,"column":92}},"line":108},"7":{"name":"(anonymous_7)","decl":{"start":{"line":129,"column":27},"end":{"line":129,"column":28}},"loc":{"start":{"line":130,"column":57},"end":{"line":135,"column":1}},"line":130},"8":{"name":"(anonymous_8)","decl":{"start":{"line":146,"column":16},"end":{"line":146,"column":17}},"loc":{"start":{"line":146,"column":55},"end":{"line":165,"column":1}},"line":146},"9":{"name":"(anonymous_9)","decl":{"start":{"line":153,"column":28},"end":{"line":153,"column":29}},"loc":{"start":{"line":153,"column":36},"end":{"line":153,"column":63}},"line":153}},"branchMap":{"0":{"loc":{"start":{"line":17,"column":2},"end":{"line":17,"column":106}},"type":"if","locations":[{"start":{"line":17,"column":2},"end":{"line":17,"column":106}},{"start":{},"end":{}}],"line":17},"1":{"loc":{"start":{"line":17,"column":5},"end":{"line":17,"column":41}},"type":"binary-expr","locations":[{"start":{"line":17,"column":5},"end":{"line":17,"column":18}},{"start":{"line":17,"column":22},"end":{"line":17,"column":41}}],"line":17},"2":{"loc":{"start":{"line":39,"column":2},"end":{"line":45,"column":3}},"type":"if","locations":[{"start":{"line":39,"column":2},"end":{"line":45,"column":3}},{"start":{"line":43,"column":7},"end":{"line":45,"column":3}}],"line":39},"3":{"loc":{"start":{"line":58,"column":67},"end":{"line":58,"column":74}},"type":"default-arg","locations":[{"start":{"line":58,"column":72},"end":{"line":58,"column":74}}],"line":58},"4":{"loc":{"start":{"line":62,"column":2},"end":{"line":62,"column":54}},"type":"if","locations":[{"start":{"line":62,"column":2},"end":{"line":62,"column":54}},{"start":{},"end":{}}],"line":62},"5":{"loc":{"start":{"line":62,"column":22},"end":{"line":62,"column":54}},"type":"if","locations":[{"start":{"line":62,"column":22},"end":{"line":62,"column":54}},{"start":{},"end":{}}],"line":62},"6":{"loc":{"start":{"line":108,"column":20},"end":{"line":108,"column":92}},"type":"binary-expr","locations":[{"start":{"line":108,"column":20},"end":{"line":108,"column":69}},{"start":{"line":108,"column":73},"end":{"line":108,"column":92}}],"line":108},"7":{"loc":{"start":{"line":111,"column":2},"end":{"line":111,"column":28}},"type":"if","locations":[{"start":{"line":111,"column":2},"end":{"line":111,"column":28}},{"start":{},"end":{}}],"line":111},"8":{"loc":{"start":{"line":133,"column":2},"end":{"line":133,"column":28}},"type":"if","locations":[{"start":{"line":133,"column":2},"end":{"line":133,"column":28}},{"start":{},"end":{}}],"line":133},"9":{"loc":{"start":{"line":146,"column":38},"end":{"line":146,"column":50}},"type":"default-arg","locations":[{"start":{"line":146,"column":45},"end":{"line":146,"column":50}}],"line":146},"10":{"loc":{"start":{"line":150,"column":2},"end":{"line":155,"column":3}},"type":"if","locations":[{"start":{"line":150,"column":2},"end":{"line":155,"column":3}},{"start":{},"end":{}}],"line":150},"11":{"loc":{"start":{"line":154,"column":16},"end":{"line":154,"column":45}},"type":"cond-expr","locations":[{"start":{"line":154,"column":25},"end":{"line":154,"column":38}},{"start":{"line":154,"column":41},"end":{"line":154,"column":45}}],"line":154},"12":{"loc":{"start":{"line":158,"column":2},"end":{"line":164,"column":3}},"type":"if","locations":[{"start":{"line":158,"column":2},"end":{"line":164,"column":3}},{"start":{"line":162,"column":7},"end":{"line":164,"column":3}}],"line":158}},"s":{"0":1,"1":1,"2":1,"3":1,"4":1,"5":1,"6":2,"7":1,"8":0,"9":1,"10":1,"11":5,"12":1,"13":2,"14":2,"15":1,"16":1,"17":1,"18":1,"19":0,"20":0,"21":0,"22":0,"23":0,"24":0,"25":0,"26":0,"27":0,"28":0,"29":1,"30":0,"31":0,"32":0,"33":0,"34":0,"35":0,"36":1,"37":0,"38":0,"39":0,"40":0,"41":0,"42":1,"43":1,"44":1,"45":0,"46":0,"47":0,"48":0,"49":1,"50":1,"51":1,"52":0,"53":1},"f":{"0":1,"1":2,"2":5,"3":2,"4":0,"5":0,"6":0,"7":0,"8":1,"9":0},"b":{"0":[0,1],"1":[1,0],"2":[1,1],"3":[0],"4":[0,0],"5":[0,0],"6":[0,0],"7":[0,0],"8":[0,0],"9":[1],"10":[0,1],"11":[0,0],"12":[1,0]},"_coverageSchema":"1a1c01bbd47fc00a2c39e90264f33305004495a9","hash":"040fdba69e0cddec7f7d564b49bc5ae53b7935d4"}
,"/home/rich/Documents/code/openhab-rules-tools/timeUtils.js": {"path":"/home/rich/Documents/code/openhab-rules-tools/timeUtils.js","statementMap":{"0":{"start":{"line":1,"column":16},"end":{"line":1,"column":52}},"1":{"start":{"line":2,"column":15},"end":{"line":2,"column":44}},"2":{"start":{"line":3,"column":21},"end":{"line":3,"column":77}},"3":{"start":{"line":4,"column":20},"end":{"line":4,"column":75}},"4":{"start":{"line":5,"column":20},"end":{"line":5,"column":75}},"5":{"start":{"line":6,"column":21},"end":{"line":6,"column":77}},"6":{"start":{"line":27,"column":22},"end":{"line":48,"column":1}},"7":{"start":{"line":28,"column":2},"end":{"line":28,"column":94}},"8":{"start":{"line":29,"column":14},"end":{"line":29,"column":46}},"9":{"start":{"line":30,"column":19},"end":{"line":30,"column":20}},"10":{"start":{"line":31,"column":13},"end":{"line":31,"column":17}},"11":{"start":{"line":33,"column":15},"end":{"line":33,"column":57}},"12":{"start":{"line":34,"column":2},"end":{"line":40,"column":3}},"13":{"start":{"line":35,"column":4},"end":{"line":35,"column":17}},"14":{"start":{"line":37,"column":16},"end":{"line":37,"column":47}},"15":{"start":{"line":38,"column":16},"end":{"line":38,"column":60}},"16":{"start":{"line":39,"column":4},"end":{"line":39,"column":26}},"17":{"start":{"line":42,"column":2},"end":{"line":47,"column":3}},"18":{"start":{"line":43,"column":4},"end":{"line":43,"column":16}},"19":{"start":{"line":46,"column":4},"end":{"line":46,"column":142}},"20":{"start":{"line":58,"column":27},"end":{"line":66,"column":1}},"21":{"start":{"line":59,"column":2},"end":{"line":59,"column":90}},"22":{"start":{"line":60,"column":2},"end":{"line":65,"column":3}},"23":{"start":{"line":61,"column":4},"end":{"line":61,"column":51}},"24":{"start":{"line":63,"column":7},"end":{"line":65,"column":3}},"25":{"start":{"line":64,"column":4},"end":{"line":64,"column":55}},"26":{"start":{"line":73,"column":18},"end":{"line":76,"column":1}},"27":{"start":{"line":74,"column":14},"end":{"line":74,"column":195}},"28":{"start":{"line":75,"column":2},"end":{"line":75,"column":27}},"29":{"start":{"line":83,"column":15},"end":{"line":86,"column":1}},"30":{"start":{"line":84,"column":14},"end":{"line":84,"column":63}},"31":{"start":{"line":85,"column":2},"end":{"line":85,"column":27}},"32":{"start":{"line":93,"column":15},"end":{"line":96,"column":1}},"33":{"start":{"line":94,"column":14},"end":{"line":94,"column":79}},"34":{"start":{"line":95,"column":2},"end":{"line":95,"column":27}},"35":{"start":{"line":112,"column":19},"end":{"line":178,"column":1}},"36":{"start":{"line":113,"column":2},"end":{"line":113,"column":82}},"37":{"start":{"line":114,"column":11},"end":{"line":114,"column":15}},"38":{"start":{"line":116,"column":2},"end":{"line":174,"column":3}},"39":{"start":{"line":119,"column":7},"end":{"line":174,"column":3}},"40":{"start":{"line":120,"column":4},"end":{"line":120,"column":14}},"41":{"start":{"line":122,"column":7},"end":{"line":174,"column":3}},"42":{"start":{"line":123,"column":18},"end":{"line":123,"column":49}},"43":{"start":{"line":124,"column":20},"end":{"line":124,"column":52}},"44":{"start":{"line":125,"column":4},"end":{"line":125,"column":67}},"45":{"start":{"line":127,"column":7},"end":{"line":174,"column":3}},"46":{"start":{"line":128,"column":19},"end":{"line":128,"column":38}},"47":{"start":{"line":129,"column":20},"end":{"line":129,"column":45}},"48":{"start":{"line":130,"column":4},"end":{"line":130,"column":67}},"49":{"start":{"line":132,"column":7},"end":{"line":174,"column":3}},"50":{"start":{"line":133,"column":4},"end":{"line":154,"column":5}},"51":{"start":{"line":136,"column":9},"end":{"line":154,"column":5}},"52":{"start":{"line":137,"column":20},"end":{"line":137,"column":35}},"53":{"start":{"line":138,"column":6},"end":{"line":141,"column":21}},"54":{"start":{"line":143,"column":9},"end":{"line":154,"column":5}},"55":{"start":{"line":144,"column":20},"end":{"line":144,"column":35}},"56":{"start":{"line":145,"column":17},"end":{"line":145,"column":35}},"57":{"start":{"line":146,"column":26},"end":{"line":146,"column":83}},"58":{"start":{"line":147,"column":6},"end":{"line":150,"column":21}},"59":{"start":{"line":153,"column":6},"end":{"line":153,"column":36}},"60":{"start":{"line":156,"column":7},"end":{"line":174,"column":3}},"61":{"start":{"line":157,"column":4},"end":{"line":157,"column":69}},"62":{"start":{"line":159,"column":7},"end":{"line":174,"column":3}},"63":{"start":{"line":160,"column":4},"end":{"line":160,"column":45}},"64":{"start":{"line":162,"column":7},"end":{"line":174,"column":3}},"65":{"start":{"line":163,"column":4},"end":{"line":163,"column":63}},"66":{"start":{"line":165,"column":7},"end":{"line":174,"column":3}},"67":{"start":{"line":166,"column":17},"end":{"line":166,"column":33}},"68":{"start":{"line":167,"column":4},"end":{"line":169,"column":5}},"69":{"start":{"line":168,"column":6},"end":{"line":168,"column":66}},"70":{"start":{"line":172,"column":7},"end":{"line":174,"column":3}},"71":{"start":{"line":173,"column":4},"end":{"line":173,"column":81}},"72":{"start":{"line":177,"column":2},"end":{"line":177,"column":12}},"73":{"start":{"line":188,"column":16},"end":{"line":195,"column":1}},"74":{"start":{"line":189,"column":2},"end":{"line":189,"column":79}},"75":{"start":{"line":190,"column":12},"end":{"line":190,"column":36}},"76":{"start":{"line":191,"column":11},"end":{"line":191,"column":27}},"77":{"start":{"line":192,"column":2},"end":{"line":194,"column":38}},"78":{"start":{"line":203,"column":19},"end":{"line":209,"column":1}},"79":{"start":{"line":204,"column":17},"end":{"line":204,"column":34}},"80":{"start":{"line":205,"column":11},"end":{"line":205,"column":27}},"81":{"start":{"line":206,"column":2},"end":{"line":208,"column":43}},"82":{"start":{"line":217,"column":20},"end":{"line":223,"column":1}},"83":{"start":{"line":218,"column":18},"end":{"line":218,"column":36}},"84":{"start":{"line":219,"column":11},"end":{"line":219,"column":27}},"85":{"start":{"line":220,"column":2},"end":{"line":222,"column":44}},"86":{"start":{"line":235,"column":21},"end":{"line":253,"column":1}},"87":{"start":{"line":236,"column":2},"end":{"line":236,"column":107}},"88":{"start":{"line":237,"column":18},"end":{"line":237,"column":35}},"89":{"start":{"line":238,"column":16},"end":{"line":238,"column":31}},"90":{"start":{"line":239,"column":19},"end":{"line":239,"column":35}},"91":{"start":{"line":240,"column":14},"end":{"line":240,"column":38}},"92":{"start":{"line":243,"column":2},"end":{"line":250,"column":3}},"93":{"start":{"line":244,"column":4},"end":{"line":249,"column":5}},"94":{"start":{"line":245,"column":6},"end":{"line":245,"column":36}},"95":{"start":{"line":247,"column":9},"end":{"line":249,"column":5}},"96":{"start":{"line":248,"column":6},"end":{"line":248,"column":41}},"97":{"start":{"line":252,"column":2},"end":{"line":252,"column":67}},"98":{"start":{"line":255,"column":0},"end":{"line":266,"column":1}}},"fnMap":{"0":{"name":"(anonymous_0)","decl":{"start":{"line":27,"column":22},"end":{"line":27,"column":23}},"loc":{"start":{"line":27,"column":39},"end":{"line":48,"column":1}},"line":27},"1":{"name":"(anonymous_1)","decl":{"start":{"line":58,"column":27},"end":{"line":58,"column":28}},"loc":{"start":{"line":58,"column":41},"end":{"line":66,"column":1}},"line":58},"2":{"name":"(anonymous_2)","decl":{"start":{"line":73,"column":18},"end":{"line":73,"column":19}},"loc":{"start":{"line":73,"column":29},"end":{"line":76,"column":1}},"line":73},"3":{"name":"(anonymous_3)","decl":{"start":{"line":83,"column":15},"end":{"line":83,"column":16}},"loc":{"start":{"line":83,"column":26},"end":{"line":86,"column":1}},"line":83},"4":{"name":"(anonymous_4)","decl":{"start":{"line":93,"column":15},"end":{"line":93,"column":16}},"loc":{"start":{"line":93,"column":26},"end":{"line":96,"column":1}},"line":93},"5":{"name":"(anonymous_5)","decl":{"start":{"line":112,"column":19},"end":{"line":112,"column":20}},"loc":{"start":{"line":112,"column":29},"end":{"line":178,"column":1}},"line":112},"6":{"name":"(anonymous_6)","decl":{"start":{"line":188,"column":16},"end":{"line":188,"column":17}},"loc":{"start":{"line":188,"column":26},"end":{"line":195,"column":1}},"line":188},"7":{"name":"(anonymous_7)","decl":{"start":{"line":203,"column":19},"end":{"line":203,"column":20}},"loc":{"start":{"line":203,"column":29},"end":{"line":209,"column":1}},"line":203},"8":{"name":"(anonymous_8)","decl":{"start":{"line":217,"column":20},"end":{"line":217,"column":21}},"loc":{"start":{"line":217,"column":30},"end":{"line":223,"column":1}},"line":217},"9":{"name":"(anonymous_9)","decl":{"start":{"line":235,"column":21},"end":{"line":235,"column":22}},"loc":{"start":{"line":235,"column":70},"end":{"line":253,"column":1}},"line":235}},"branchMap":{"0":{"loc":{"start":{"line":42,"column":2},"end":{"line":47,"column":3}},"type":"if","locations":[{"start":{"line":42,"column":2},"end":{"line":47,"column":3}},{"start":{"line":45,"column":7},"end":{"line":47,"column":3}}],"line":42},"1":{"loc":{"start":{"line":60,"column":2},"end":{"line":65,"column":3}},"type":"if","locations":[{"start":{"line":60,"column":2},"end":{"line":65,"column":3}},{"start":{"line":63,"column":7},"end":{"line":65,"column":3}}],"line":60},"2":{"loc":{"start":{"line":63,"column":7},"end":{"line":65,"column":3}},"type":"if","locations":[{"start":{"line":63,"column":7},"end":{"line":65,"column":3}},{"start":{},"end":{}}],"line":63},"3":{"loc":{"start":{"line":63,"column":11},"end":{"line":63,"column":69}},"type":"binary-expr","locations":[{"start":{"line":63,"column":11},"end":{"line":63,"column":39}},{"start":{"line":63,"column":43},"end":{"line":63,"column":69}}],"line":63},"4":{"loc":{"start":{"line":116,"column":2},"end":{"line":174,"column":3}},"type":"if","locations":[{"start":{"line":116,"column":2},"end":{"line":174,"column":3}},{"start":{"line":119,"column":7},"end":{"line":174,"column":3}}],"line":116},"5":{"loc":{"start":{"line":119,"column":7},"end":{"line":174,"column":3}},"type":"if","locations":[{"start":{"line":119,"column":7},"end":{"line":174,"column":3}},{"start":{"line":122,"column":7},"end":{"line":174,"column":3}}],"line":119},"6":{"loc":{"start":{"line":122,"column":7},"end":{"line":174,"column":3}},"type":"if","locations":[{"start":{"line":122,"column":7},"end":{"line":174,"column":3}},{"start":{"line":127,"column":7},"end":{"line":174,"column":3}}],"line":122},"7":{"loc":{"start":{"line":127,"column":7},"end":{"line":174,"column":3}},"type":"if","locations":[{"start":{"line":127,"column":7},"end":{"line":174,"column":3}},{"start":{"line":132,"column":7},"end":{"line":174,"column":3}}],"line":127},"8":{"loc":{"start":{"line":132,"column":7},"end":{"line":174,"column":3}},"type":"if","locations":[{"start":{"line":132,"column":7},"end":{"line":174,"column":3}},{"start":{"line":156,"column":7},"end":{"line":174,"column":3}}],"line":132},"9":{"loc":{"start":{"line":132,"column":11},"end":{"line":132,"column":61}},"type":"binary-expr","locations":[{"start":{"line":132,"column":11},"end":{"line":132,"column":35}},{"start":{"line":132,"column":39},"end":{"line":132,"column":61}}],"line":132},"10":{"loc":{"start":{"line":133,"column":4},"end":{"line":154,"column":5}},"type":"if","locations":[{"start":{"line":133,"column":4},"end":{"line":154,"column":5}},{"start":{"line":136,"column":9},"end":{"line":154,"column":5}}],"line":133},"11":{"loc":{"start":{"line":136,"column":9},"end":{"line":154,"column":5}},"type":"if","locations":[{"start":{"line":136,"column":9},"end":{"line":154,"column":5}},{"start":{"line":143,"column":9},"end":{"line":154,"column":5}}],"line":136},"12":{"loc":{"start":{"line":143,"column":9},"end":{"line":154,"column":5}},"type":"if","locations":[{"start":{"line":143,"column":9},"end":{"line":154,"column":5}},{"start":{"line":152,"column":9},"end":{"line":154,"column":5}}],"line":143},"13":{"loc":{"start":{"line":146,"column":26},"end":{"line":146,"column":83}},"type":"cond-expr","locations":[{"start":{"line":146,"column":71},"end":{"line":146,"column":78}},{"start":{"line":146,"column":81},"end":{"line":146,"column":83}}],"line":146},"14":{"loc":{"start":{"line":146,"column":27},"end":{"line":146,"column":67}},"type":"binary-expr","locations":[{"start":{"line":146,"column":27},"end":{"line":146,"column":45}},{"start":{"line":146,"column":49},"end":{"line":146,"column":67}}],"line":146},"15":{"loc":{"start":{"line":156,"column":7},"end":{"line":174,"column":3}},"type":"if","locations":[{"start":{"line":156,"column":7},"end":{"line":174,"column":3}},{"start":{"line":159,"column":7},"end":{"line":174,"column":3}}],"line":156},"16":{"loc":{"start":{"line":156,"column":11},"end":{"line":156,"column":63}},"type":"binary-expr","locations":[{"start":{"line":156,"column":11},"end":{"line":156,"column":35}},{"start":{"line":156,"column":39},"end":{"line":156,"column":63}}],"line":156},"17":{"loc":{"start":{"line":159,"column":7},"end":{"line":174,"column":3}},"type":"if","locations":[{"start":{"line":159,"column":7},"end":{"line":174,"column":3}},{"start":{"line":162,"column":7},"end":{"line":174,"column":3}}],"line":159},"18":{"loc":{"start":{"line":162,"column":7},"end":{"line":174,"column":3}},"type":"if","locations":[{"start":{"line":162,"column":7},"end":{"line":174,"column":3}},{"start":{"line":165,"column":7},"end":{"line":174,"column":3}}],"line":162},"19":{"loc":{"start":{"line":165,"column":7},"end":{"line":174,"column":3}},"type":"if","locations":[{"start":{"line":165,"column":7},"end":{"line":174,"column":3}},{"start":{"line":172,"column":7},"end":{"line":174,"column":3}}],"line":165},"20":{"loc":{"start":{"line":167,"column":4},"end":{"line":169,"column":5}},"type":"if","locations":[{"start":{"line":167,"column":4},"end":{"line":169,"column":5}},{"start":{},"end":{}}],"line":167},"21":{"loc":{"start":{"line":172,"column":7},"end":{"line":174,"column":3}},"type":"if","locations":[{"start":{"line":172,"column":7},"end":{"line":174,"column":3}},{"start":{},"end":{}}],"line":172},"22":{"loc":{"start":{"line":172,"column":11},"end":{"line":172,"column":64}},"type":"binary-expr","locations":[{"start":{"line":172,"column":11},"end":{"line":172,"column":38}},{"start":{"line":172,"column":42},"end":{"line":172,"column":64}}],"line":172},"23":{"loc":{"start":{"line":235,"column":34},"end":{"line":235,"column":65}},"type":"default-arg","locations":[{"start":{"line":235,"column":41},"end":{"line":235,"column":65}}],"line":235},"24":{"loc":{"start":{"line":243,"column":2},"end":{"line":250,"column":3}},"type":"if","locations":[{"start":{"line":243,"column":2},"end":{"line":250,"column":3}},{"start":{},"end":{}}],"line":243},"25":{"loc":{"start":{"line":244,"column":4},"end":{"line":249,"column":5}},"type":"if","locations":[{"start":{"line":244,"column":4},"end":{"line":249,"column":5}},{"start":{"line":247,"column":9},"end":{"line":249,"column":5}}],"line":244},"26":{"loc":{"start":{"line":247,"column":9},"end":{"line":249,"column":5}},"type":"if","locations":[{"start":{"line":247,"column":9},"end":{"line":249,"column":5}},{"start":{},"end":{}}],"line":247},"27":{"loc":{"start":{"line":252,"column":9},"end":{"line":252,"column":66}},"type":"binary-expr","locations":[{"start":{"line":252,"column":9},"end":{"line":252,"column":36}},{"start":{"line":252,"column":40},"end":{"line":252,"column":66}}],"line":252}},"s":{"0":1,"1":1,"2":1,"3":1,"4":1,"5":1,"6":1,"7":3,"8":3,"9":3,"10":3,"11":3,"12":3,"13":4,"14":4,"15":4,"16":4,"17":3,"18":1,"19":2,"20":1,"21":2,"22":2,"23":1,"24":1,"25":1,"26":1,"27":11,"28":11,"29":1,"30":12,"31":12,"32":1,"33":5,"34":5,"35":1,"36":10,"37":10,"38":10,"39":10,"40":0,"41":10,"42":0,"43":0,"44":0,"45":10,"46":0,"47":0,"48":0,"49":10,"50":9,"51":8,"52":7,"53":7,"54":1,"55":0,"56":0,"57":0,"58":0,"59":1,"60":1,"61":1,"62":0,"63":0,"64":0,"65":0,"66":0,"67":0,"68":0,"69":0,"70":0,"71":0,"72":10,"73":1,"74":1,"75":1,"76":1,"77":1,"78":1,"79":1,"80":1,"81":1,"82":1,"83":1,"84":1,"85":1,"86":1,"87":2,"88":2,"89":2,"90":2,"91":2,"92":2,"93":0,"94":0,"95":0,"96":0,"97":2,"98":1},"f":{"0":3,"1":2,"2":11,"3":12,"4":5,"5":10,"6":1,"7":1,"8":1,"9":2},"b":{"0":[1,2],"1":[1,1],"2":[1,0],"3":[1,0],"4":[0,10],"5":[0,10],"6":[0,10],"7":[0,10],"8":[9,1],"9":[10,1],"10":[1,8],"11":[7,1],"12":[0,1],"13":[0,0],"14":[0,0],"15":[1,0],"16":[1,0],"17":[0,0],"18":[0,0],"19":[0,0],"20":[0,0],"21":[0,0],"22":[0,0],"23":[0],"24":[0,2],"25":[0,0],"26":[0,0],"27":[2,2]},"_coverageSchema":"1a1c01bbd47fc00a2c39e90264f33305004495a9","hash":"f14413a003a2af82d51da67c32d9053b05ac2d9b"}
,"/home/rich/Documents/code/openhab-rules-tools/timerMgr.js": {"path":"/home/rich/Documents/code/openhab-rules-tools/timerMgr.js","statementMap":{"0":{"start":{"line":1,"column":17},"end":{"line":1,"column":35}},"1":{"start":{"line":2,"column":16},"end":{"line":2,"column":36}},"2":{"start":{"line":22,"column":4},"end":{"line":22,"column":55}},"3":{"start":{"line":23,"column":4},"end":{"line":23,"column":24}},"4":{"start":{"line":50,"column":20},"end":{"line":50,"column":36}},"5":{"start":{"line":53,"column":4},"end":{"line":88,"column":5}},"6":{"start":{"line":54,"column":6},"end":{"line":59,"column":7}},"7":{"start":{"line":55,"column":8},"end":{"line":55,"column":49}},"8":{"start":{"line":58,"column":8},"end":{"line":58,"column":25}},"9":{"start":{"line":60,"column":6},"end":{"line":62,"column":7}},"10":{"start":{"line":61,"column":8},"end":{"line":61,"column":23}},"11":{"start":{"line":63,"column":6},"end":{"line":65,"column":7}},"12":{"start":{"line":64,"column":8},"end":{"line":64,"column":75}},"13":{"start":{"line":70,"column":18},"end":{"line":85,"column":19}},"14":{"start":{"line":72,"column":8},"end":{"line":77,"column":9}},"15":{"start":{"line":73,"column":27},"end":{"line":73,"column":46}},"16":{"start":{"line":74,"column":10},"end":{"line":76,"column":11}},"17":{"start":{"line":75,"column":12},"end":{"line":75,"column":23}},"18":{"start":{"line":79,"column":8},"end":{"line":81,"column":9}},"19":{"start":{"line":80,"column":10},"end":{"line":80,"column":34}},"20":{"start":{"line":82,"column":8},"end":{"line":84,"column":9}},"21":{"start":{"line":83,"column":10},"end":{"line":83,"column":37}},"22":{"start":{"line":86,"column":6},"end":{"line":86,"column":34}},"23":{"start":{"line":87,"column":6},"end":{"line":87,"column":55}},"24":{"start":{"line":96,"column":4},"end":{"line":96,"column":40}},"25":{"start":{"line":105,"column":4},"end":{"line":107,"column":5}},"26":{"start":{"line":106,"column":6},"end":{"line":106,"column":102}},"27":{"start":{"line":109,"column":4},"end":{"line":109,"column":16}},"28":{"start":{"line":117,"column":4},"end":{"line":126,"column":5}},"29":{"start":{"line":118,"column":20},"end":{"line":118,"column":40}},"30":{"start":{"line":119,"column":6},"end":{"line":121,"column":7}},"31":{"start":{"line":120,"column":8},"end":{"line":120,"column":23}},"32":{"start":{"line":122,"column":6},"end":{"line":122,"column":30}},"33":{"start":{"line":123,"column":6},"end":{"line":125,"column":7}},"34":{"start":{"line":124,"column":8},"end":{"line":124,"column":35}},"35":{"start":{"line":135,"column":21},"end":{"line":135,"column":52}},"36":{"start":{"line":136,"column":4},"end":{"line":142,"column":5}},"37":{"start":{"line":137,"column":18},"end":{"line":137,"column":33}},"38":{"start":{"line":138,"column":16},"end":{"line":138,"column":36}},"39":{"start":{"line":139,"column":6},"end":{"line":141,"column":7}},"40":{"start":{"line":140,"column":8},"end":{"line":140,"column":19}},"41":{"start":{"line":143,"column":4},"end":{"line":143,"column":24}},"42":{"start":{"line":144,"column":4},"end":{"line":144,"column":24}},"43":{"start":{"line":153,"column":4},"end":{"line":153,"column":39}},"44":{"start":{"line":156,"column":0},"end":{"line":159,"column":1}}},"fnMap":{"0":{"name":"(anonymous_0)","decl":{"start":{"line":17,"column":2},"end":{"line":17,"column":3}},"loc":{"start":{"line":17,"column":29},"end":{"line":24,"column":3}},"line":17},"1":{"name":"(anonymous_1)","decl":{"start":{"line":49,"column":2},"end":{"line":49,"column":3}},"loc":{"start":{"line":49,"column":67},"end":{"line":89,"column":3}},"line":49},"2":{"name":"(anonymous_2)","decl":{"start":{"line":70,"column":44},"end":{"line":70,"column":45}},"loc":{"start":{"line":70,"column":50},"end":{"line":85,"column":7}},"line":70},"3":{"name":"(anonymous_3)","decl":{"start":{"line":95,"column":2},"end":{"line":95,"column":3}},"loc":{"start":{"line":95,"column":16},"end":{"line":97,"column":3}},"line":95},"4":{"name":"(anonymous_4)","decl":{"start":{"line":104,"column":2},"end":{"line":104,"column":3}},"loc":{"start":{"line":104,"column":24},"end":{"line":110,"column":3}},"line":104},"5":{"name":"(anonymous_5)","decl":{"start":{"line":116,"column":2},"end":{"line":116,"column":3}},"loc":{"start":{"line":116,"column":14},"end":{"line":127,"column":3}},"line":116},"6":{"name":"(anonymous_6)","decl":{"start":{"line":134,"column":2},"end":{"line":134,"column":3}},"loc":{"start":{"line":134,"column":14},"end":{"line":145,"column":3}},"line":134},"7":{"name":"getTimerMgr","decl":{"start":{"line":152,"column":9},"end":{"line":152,"column":20}},"loc":{"start":{"line":152,"column":37},"end":{"line":154,"column":1}},"line":152}},"branchMap":{"0":{"loc":{"start":{"line":53,"column":4},"end":{"line":88,"column":5}},"type":"if","locations":[{"start":{"line":53,"column":4},"end":{"line":88,"column":5}},{"start":{"line":69,"column":9},"end":{"line":88,"column":5}}],"line":53},"1":{"loc":{"start":{"line":54,"column":6},"end":{"line":59,"column":7}},"type":"if","locations":[{"start":{"line":54,"column":6},"end":{"line":59,"column":7}},{"start":{"line":57,"column":11},"end":{"line":59,"column":7}}],"line":54},"2":{"loc":{"start":{"line":60,"column":6},"end":{"line":62,"column":7}},"type":"if","locations":[{"start":{"line":60,"column":6},"end":{"line":62,"column":7}},{"start":{},"end":{}}],"line":60},"3":{"loc":{"start":{"line":63,"column":6},"end":{"line":65,"column":7}},"type":"if","locations":[{"start":{"line":63,"column":6},"end":{"line":65,"column":7}},{"start":{},"end":{}}],"line":63},"4":{"loc":{"start":{"line":72,"column":8},"end":{"line":77,"column":9}},"type":"if","locations":[{"start":{"line":72,"column":8},"end":{"line":77,"column":9}},{"start":{},"end":{}}],"line":72},"5":{"loc":{"start":{"line":74,"column":10},"end":{"line":76,"column":11}},"type":"if","locations":[{"start":{"line":74,"column":10},"end":{"line":76,"column":11}},{"start":{},"end":{}}],"line":74},"6":{"loc":{"start":{"line":79,"column":8},"end":{"line":81,"column":9}},"type":"if","locations":[{"start":{"line":79,"column":8},"end":{"line":81,"column":9}},{"start":{},"end":{}}],"line":79},"7":{"loc":{"start":{"line":82,"column":8},"end":{"line":84,"column":9}},"type":"if","locations":[{"start":{"line":82,"column":8},"end":{"line":84,"column":9}},{"start":{},"end":{}}],"line":82},"8":{"loc":{"start":{"line":87,"column":28},"end":{"line":87,"column":54}},"type":"cond-expr","locations":[{"start":{"line":87,"column":37},"end":{"line":87,"column":41}},{"start":{"line":87,"column":44},"end":{"line":87,"column":54}}],"line":87},"9":{"loc":{"start":{"line":105,"column":4},"end":{"line":107,"column":5}},"type":"if","locations":[{"start":{"line":105,"column":4},"end":{"line":107,"column":5}},{"start":{},"end":{}}],"line":105},"10":{"loc":{"start":{"line":117,"column":4},"end":{"line":126,"column":5}},"type":"if","locations":[{"start":{"line":117,"column":4},"end":{"line":126,"column":5}},{"start":{},"end":{}}],"line":117},"11":{"loc":{"start":{"line":119,"column":6},"end":{"line":121,"column":7}},"type":"if","locations":[{"start":{"line":119,"column":6},"end":{"line":121,"column":7}},{"start":{},"end":{}}],"line":119},"12":{"loc":{"start":{"line":123,"column":6},"end":{"line":125,"column":7}},"type":"if","locations":[{"start":{"line":123,"column":6},"end":{"line":125,"column":7}},{"start":{},"end":{}}],"line":123},"13":{"loc":{"start":{"line":139,"column":6},"end":{"line":141,"column":7}},"type":"if","locations":[{"start":{"line":139,"column":6},"end":{"line":141,"column":7}},{"start":{},"end":{}}],"line":139},"14":{"loc":{"start":{"line":139,"column":10},"end":{"line":139,"column":51}},"type":"binary-expr","locations":[{"start":{"line":139,"column":10},"end":{"line":139,"column":11}},{"start":{"line":139,"column":15},"end":{"line":139,"column":33}},{"start":{"line":139,"column":37},"end":{"line":139,"column":51}}],"line":139}},"s":{"0":3,"1":3,"2":6,"3":6,"4":8,"5":8,"6":2,"7":1,"8":1,"9":2,"10":1,"11":2,"12":0,"13":6,"14":5,"15":5,"16":5,"17":5,"18":5,"19":5,"20":5,"21":5,"22":6,"23":6,"24":27,"25":0,"26":0,"27":0,"28":3,"29":1,"30":1,"31":1,"32":1,"33":1,"34":1,"35":0,"36":0,"37":0,"38":0,"39":0,"40":0,"41":0,"42":0,"43":2,"44":3},"f":{"0":6,"1":8,"2":5,"3":27,"4":0,"5":3,"6":0,"7":2},"b":{"0":[2,6],"1":[1,1],"2":[1,1],"3":[0,2],"4":[5,0],"5":[5,0],"6":[5,0],"7":[5,0],"8":[6,0],"9":[0,0],"10":[1,2],"11":[1,0],"12":[1,0],"13":[0,0],"14":[0,0,0]},"_coverageSchema":"1a1c01bbd47fc00a2c39e90264f33305004495a9","hash":"fb5813c29c58d992ab227de695de4cfc3c139c50"}
}
