TN:
SF:countdownTimer.js
FN:22,(anonymous_0)
FN:44,(anonymous_1)
FN:45,(anonymous_2)
FN:47,(anonymous_3)
FN:48,(anonymous_4)
FN:50,(anonymous_5)
FN:51,(anonymous_6)
FN:53,(anonymous_7)
FN:54,(anonymous_8)
FN:56,(anonymous_9)
FN:57,(anonymous_10)
FN:59,(anonymous_11)
FN:60,(anonymous_12)
FN:62,(anonymous_13)
FN:73,(anonymous_14)
FN:93,(anonymous_15)
FN:109,(anonymous_16)
FN:117,(anonymous_17)
FN:136,getCountdownTimer
FNF:19
FNH:16
FNDA:2,(anonymous_0)
FNDA:2,(anonymous_1)
FNDA:2,(anonymous_2)
FNDA:4,(anonymous_3)
FNDA:2,(anonymous_4)
FNDA:17,(anonymous_5)
FNDA:2,(anonymous_6)
FNDA:2,(anonymous_7)
FNDA:2,(anonymous_8)
FNDA:28,(anonymous_9)
FNDA:8,(anonymous_10)
FNDA:7,(anonymous_11)
FNDA:2,(anonymous_12)
FNDA:0,(anonymous_13)
FNDA:0,(anonymous_14)
FNDA:6,(anonymous_15)
FNDA:1,(anonymous_16)
FNDA:1,(anonymous_17)
FNDA:0,getCountdownTimer
DA:1,1
DA:2,1
DA:3,1
DA:23,2
DA:24,2
DA:26,2
DA:27,2
DA:28,2
DA:29,2
DA:30,2
DA:33,2
DA:34,2
DA:37,2
DA:38,2
DA:39,2
DA:40,2
DA:44,2
DA:45,2
DA:47,4
DA:48,2
DA:50,17
DA:51,2
DA:53,2
DA:54,2
DA:56,28
DA:57,8
DA:59,7
DA:60,2
DA:63,0
DA:64,0
DA:65,0
DA:66,0
DA:68,0
DA:71,0
DA:74,0
DA:83,7
DA:84,7
DA:93,2
DA:94,6
DA:95,6
DA:96,5
DA:97,5
DA:98,5
DA:101,1
DA:110,1
DA:118,1
DA:119,1
DA:120,1
DA:121,1
DA:137,0
DA:140,1
LF:51
LH:43
BRDA:26,0,0,2
BRDA:26,0,1,0
BRDA:27,1,0,0
BRDA:27,1,1,2
BRDA:38,2,0,0
BRDA:38,2,1,2
BRDA:45,3,0,0
BRDA:45,3,1,2
BRDA:45,4,0,2
BRDA:45,4,1,2
BRDA:48,5,0,0
BRDA:48,5,1,2
BRDA:48,6,0,2
BRDA:48,6,1,2
BRDA:51,7,0,0
BRDA:51,7,1,2
BRDA:51,8,0,2
BRDA:51,8,1,2
BRDA:54,9,0,0
BRDA:54,9,1,2
BRDA:54,10,0,2
BRDA:54,10,1,2
BRDA:57,11,0,0
BRDA:57,11,1,8
BRDA:57,12,0,8
BRDA:57,12,1,8
BRDA:60,13,0,0
BRDA:60,13,1,2
BRDA:60,14,0,2
BRDA:60,14,1,2
BRDA:63,15,0,0
BRDA:63,15,1,0
BRDA:65,16,0,0
BRDA:65,16,1,0
BRDA:83,17,0,2
BRDA:83,17,1,5
BRDA:95,18,0,5
BRDA:95,18,1,1
BRDA:96,19,0,0
BRDA:96,19,1,5
BRF:40
BRH:26
end_of_record
TN:
SF:deferred.js
FN:14,(anonymous_0)
FN:26,(anonymous_1)
FN:37,(anonymous_2)
FN:50,(anonymous_3)
FN:57,(anonymous_4)
FN:69,getDeferred
FNF:6
FNH:3
FNDA:2,(anonymous_0)
FNDA:2,(anonymous_1)
FNDA:2,(anonymous_2)
FNDA:0,(anonymous_3)
FNDA:0,(anonymous_4)
FNDA:0,getDeferred
DA:1,1
DA:2,1
DA:15,2
DA:25,2
DA:26,2
DA:38,2
DA:39,2
DA:40,0
DA:42,2
DA:43,2
DA:51,0
DA:58,0
DA:70,0
DA:73,1
LF:14
LH:10
BRDA:26,0,0,1
BRDA:26,0,1,1
BRDA:39,1,0,0
BRDA:39,1,1,2
BRF:4
BRH:3
end_of_record
TN:
SF:gatekeeper.js
FN:18,(anonymous_0)
FN:29,(anonymous_1)
FN:33,(anonymous_2)
FN:37,(anonymous_3)
FN:45,(anonymous_4)
FN:56,(anonymous_5)
FN:87,(anonymous_6)
FN:97,(anonymous_7)
FN:108,(anonymous_8)
FN:121,getGatekeeper
FNF:10
FNH:7
FNDA:1,(anonymous_0)
FNDA:6,(anonymous_1)
FNDA:3,(anonymous_2)
FNDA:2,(anonymous_3)
FNDA:2,(anonymous_4)
FNDA:2,(anonymous_5)
FNDA:2,(anonymous_6)
FNDA:0,(anonymous_7)
FNDA:0,(anonymous_8)
FNDA:0,getGatekeeper
DA:1,1
DA:2,1
DA:19,1
DA:20,1
DA:21,1
DA:22,1
DA:24,1
DA:25,1
DA:30,6
DA:34,3
DA:38,2
DA:39,0
DA:41,2
DA:46,2
DA:56,3
DA:59,2
DA:60,0
DA:65,2
DA:66,2
DA:67,2
DA:68,2
DA:69,2
DA:71,2
DA:72,2
DA:73,2
DA:75,2
DA:88,2
DA:89,2
DA:90,1
DA:98,0
DA:99,0
DA:101,0
DA:109,0
DA:122,0
DA:125,1
LF:35
LH:28
BRDA:21,0,0,1
BRDA:21,0,1,0
BRDA:24,1,0,1
BRDA:24,1,1,0
BRDA:38,2,0,0
BRDA:38,2,1,2
BRDA:38,3,0,2
BRDA:38,3,1,2
BRDA:59,4,0,0
BRDA:59,4,1,2
BRDA:89,5,0,1
BRDA:89,5,1,1
BRDA:89,6,0,2
BRDA:89,6,1,1
BRDA:98,7,0,0
BRDA:98,7,1,0
BRF:16
BRH:10
end_of_record
TN:
SF:groupUtils.js
FN:25,(anonymous_0)
FN:26,(anonymous_1)
FN:37,(anonymous_2)
FN:38,(anonymous_3)
FN:51,(anonymous_4)
FN:63,(anonymous_5)
FN:79,(anonymous_6)
FN:80,(anonymous_7)
FN:91,(anonymous_8)
FN:92,(anonymous_9)
FN:101,(anonymous_10)
FN:111,(anonymous_11)
FN:113,(anonymous_12)
FN:114,(anonymous_13)
FN:123,(anonymous_14)
FN:133,(anonymous_15)
FN:135,(anonymous_16)
FN:136,(anonymous_17)
FN:143,(anonymous_18)
FN:145,(anonymous_19)
FN:146,(anonymous_20)
FN:153,(anonymous_21)
FNF:22
FNH:17
FNDA:3,(anonymous_0)
FNDA:6,(anonymous_1)
FNDA:0,(anonymous_2)
FNDA:0,(anonymous_3)
FNDA:1,(anonymous_4)
FNDA:0,(anonymous_5)
FNDA:1,(anonymous_6)
FNDA:2,(anonymous_7)
FNDA:0,(anonymous_8)
FNDA:0,(anonymous_9)
FNDA:10,(anonymous_10)
FNDA:2,(anonymous_11)
FNDA:4,(anonymous_12)
FNDA:2,(anonymous_13)
FNDA:1,(anonymous_14)
FNDA:1,(anonymous_15)
FNDA:2,(anonymous_16)
FNDA:1,(anonymous_17)
FNDA:1,(anonymous_18)
FNDA:2,(anonymous_19)
FNDA:1,(anonymous_20)
FNDA:1,(anonymous_21)
DA:25,1
DA:26,6
DA:27,3
DA:37,1
DA:38,0
DA:39,0
DA:51,1
DA:52,1
DA:63,1
DA:64,0
DA:79,1
DA:80,2
DA:91,1
DA:92,0
DA:101,1
DA:102,10
DA:111,1
DA:112,2
DA:113,4
DA:114,2
DA:123,1
DA:124,1
DA:125,1
DA:126,1
DA:133,1
DA:134,1
DA:135,2
DA:136,1
DA:143,1
DA:144,1
DA:145,2
DA:146,1
DA:153,1
DA:154,1
DA:157,1
LF:35
LH:31
BRDA:26,0,0,3
BRDA:26,0,1,0
BRDA:38,1,0,0
BRDA:38,1,1,0
BRDA:136,2,0,1
BRDA:136,2,1,0
BRDA:146,3,0,0
BRDA:146,3,1,1
BRF:8
BRH:3
end_of_record
TN:
SF:helpers.js
FN:15,(anonymous_0)
FN:44,(anonymous_1)
FN:50,(anonymous_2)
FN:53,(anonymous_3)
FN:79,(anonymous_4)
FN:79,(anonymous_5)
FN:104,(anonymous_6)
FN:118,(anonymous_7)
FN:140,(anonymous_8)
FN:158,(anonymous_9)
FN:167,(anonymous_10)
FNF:11
FNH:8
FNDA:15,(anonymous_0)
FNDA:1,(anonymous_1)
FNDA:1,(anonymous_2)
FNDA:0,(anonymous_3)
FNDA:0,(anonymous_4)
FNDA:0,(anonymous_5)
FNDA:11,(anonymous_6)
FNDA:6,(anonymous_7)
FNDA:1,(anonymous_8)
FNDA:14,(anonymous_9)
FNDA:2,(anonymous_10)
DA:1,8
DA:2,8
DA:15,8
DA:16,15
DA:17,15
DA:18,11
DA:19,11
DA:20,0
DA:21,0
DA:24,15
DA:44,8
DA:45,1
DA:46,1
DA:49,1
DA:50,1
DA:53,1
DA:54,0
DA:55,0
DA:56,0
DA:57,0
DA:58,0
DA:59,0
DA:63,0
DA:64,0
DA:65,0
DA:70,1
DA:71,0
DA:72,0
DA:74,1
DA:75,0
DA:76,0
DA:79,1
DA:80,0
DA:81,0
DA:82,0
DA:87,1
DA:88,1
DA:91,0
DA:92,0
DA:94,1
DA:104,8
DA:105,11
DA:106,11
DA:107,11
DA:118,8
DA:119,6
DA:120,5
DA:122,5
DA:123,5
DA:124,5
DA:125,5
DA:127,5
DA:128,4
DA:129,1
DA:130,1
DA:140,8
DA:141,1
DA:142,0
DA:144,1
DA:145,0
DA:158,8
DA:159,14
DA:160,14
DA:161,12
DA:163,2
DA:164,2
DA:165,0
DA:167,2
DA:170,8
LF:69
LH:46
BRDA:17,0,0,11
BRDA:17,0,1,4
BRDA:17,1,0,15
BRDA:17,1,1,10
BRDA:18,2,0,11
BRDA:18,2,1,0
BRDA:19,3,0,11
BRDA:19,3,1,0
BRDA:20,4,0,0
BRDA:20,4,1,0
BRDA:21,5,0,0
BRDA:21,5,1,0
BRDA:56,6,0,0
BRDA:56,6,1,0
BRDA:70,7,0,0
BRDA:70,7,1,1
BRDA:74,8,0,0
BRDA:74,8,1,1
BRDA:87,9,0,1
BRDA:87,9,1,0
BRDA:91,10,0,0
BRDA:91,10,1,0
BRDA:106,11,0,0
BRDA:106,11,1,11
BRDA:106,12,0,11
BRDA:106,12,1,11
BRDA:106,12,2,11
BRDA:119,13,0,1
BRDA:119,13,1,5
BRDA:120,14,0,0
BRDA:120,14,1,5
BRDA:127,15,0,1
BRDA:127,15,1,4
BRDA:128,16,0,3
BRDA:128,16,1,1
BRDA:129,17,0,0
BRDA:129,17,1,1
BRDA:129,18,0,1
BRDA:129,18,1,1
BRDA:141,19,0,0
BRDA:141,19,1,1
BRDA:144,20,0,0
BRDA:144,20,1,1
BRDA:160,21,0,12
BRDA:160,21,1,2
BRDA:160,22,0,14
BRDA:160,22,1,14
BRDA:163,23,0,2
BRDA:163,23,1,0
BRDA:163,24,0,0
BRDA:163,24,1,0
BRDA:164,25,0,0
BRDA:164,25,1,2
BRF:53
BRH:31
end_of_record
TN:
SF:index.js
FN:2,(anonymous_0)
FN:3,(anonymous_1)
FN:7,(anonymous_2)
FN:8,(anonymous_3)
FN:12,(anonymous_4)
FN:13,(anonymous_5)
FN:17,(anonymous_6)
FN:18,(anonymous_7)
FN:19,(anonymous_8)
FN:23,(anonymous_9)
FN:24,(anonymous_10)
FN:28,(anonymous_11)
FN:29,(anonymous_12)
FN:33,(anonymous_13)
FN:34,(anonymous_14)
FN:35,(anonymous_15)
FN:36,(anonymous_16)
FNF:17
FNH:2
FNDA:0,(anonymous_0)
FNDA:0,(anonymous_1)
FNDA:1,(anonymous_2)
FNDA:0,(anonymous_3)
FNDA:1,(anonymous_4)
FNDA:0,(anonymous_5)
FNDA:0,(anonymous_6)
FNDA:0,(anonymous_7)
FNDA:0,(anonymous_8)
FNDA:0,(anonymous_9)
FNDA:0,(anonymous_10)
FNDA:0,(anonymous_11)
FNDA:0,(anonymous_12)
FNDA:0,(anonymous_13)
FNDA:0,(anonymous_14)
FNDA:0,(anonymous_15)
FNDA:0,(anonymous_16)
DA:1,2
DA:2,0
DA:4,0
DA:5,0
DA:7,1
DA:9,0
DA:10,0
DA:12,1
DA:14,0
DA:15,0
DA:17,0
DA:18,0
DA:20,0
DA:21,0
DA:23,0
DA:25,0
DA:26,0
DA:28,0
DA:30,0
DA:31,0
DA:33,0
DA:34,0
DA:35,0
DA:36,0
LF:24
LH:3
BRF:0
BRH:0
end_of_record
TN:
SF:loopingTimer.js
FN:16,(anonymous_0)
FN:20,(anonymous_1)
FN:24,(anonymous_2)
FN:32,(anonymous_3)
FN:36,(anonymous_4)
FN:50,(anonymous_5)
FN:56,(anonymous_6)
FN:66,(anonymous_7)
FN:71,(anonymous_8)
FN:86,(anonymous_9)
FN:97,(anonymous_10)
FN:106,(anonymous_11)
FN:117,getLoopingTimer
FNF:13
FNH:11
FNDA:3,(anonymous_0)
FNDA:2,(anonymous_1)
FNDA:7,(anonymous_2)
FNDA:6,(anonymous_3)
FNDA:3,(anonymous_4)
FNDA:3,(anonymous_5)
FNDA:1,(anonymous_6)
FNDA:8,(anonymous_7)
FNDA:5,(anonymous_8)
FNDA:0,(anonymous_9)
FNDA:0,(anonymous_10)
FNDA:1,(anonymous_11)
FNDA:2,getLoopingTimer
DA:1,2
DA:2,2
DA:17,3
DA:21,2
DA:25,7
DA:26,0
DA:28,7
DA:33,6
DA:37,3
DA:38,2
DA:40,1
DA:52,3
DA:53,3
DA:54,3
DA:56,1
DA:67,8
DA:68,8
DA:69,6
DA:70,6
DA:71,6
DA:75,0
DA:87,0
DA:88,0
DA:91,0
DA:98,0
DA:99,0
DA:107,1
DA:118,2
DA:121,2
LF:29
LH:22
BRDA:25,0,0,0
BRDA:25,0,1,7
BRDA:25,1,0,7
BRDA:25,1,1,7
BRDA:37,2,0,2
BRDA:37,2,1,1
BRDA:37,3,0,3
BRDA:37,3,1,3
BRDA:54,4,0,2
BRDA:54,4,1,1
BRDA:68,5,0,6
BRDA:68,5,1,2
BRDA:70,6,0,6
BRDA:70,6,1,0
BRDA:87,7,0,0
BRDA:87,7,1,0
BRDA:98,8,0,0
BRDA:98,8,1,0
BRDA:98,9,0,0
BRDA:98,9,1,0
BRDA:107,10,0,1
BRDA:107,10,1,1
BRF:22
BRH:14
end_of_record
TN:
SF:rateLimit.js
FN:16,(anonymous_0)
FN:23,(anonymous_1)
FN:27,(anonymous_2)
FN:39,(anonymous_3)
FN:53,getRateLimit
FNF:5
FNH:4
FNDA:2,(anonymous_0)
FNDA:6,(anonymous_1)
FNDA:4,(anonymous_2)
FNDA:6,(anonymous_3)
FNDA:0,getRateLimit
DA:1,2
DA:2,2
DA:17,2
DA:18,2
DA:19,2
DA:24,6
DA:28,4
DA:29,0
DA:31,4
DA:40,6
DA:41,4
DA:42,4
DA:54,0
DA:57,2
LF:14
LH:12
BRDA:18,0,0,2
BRDA:18,0,1,0
BRDA:28,1,0,0
BRDA:28,1,1,4
BRDA:28,2,0,4
BRDA:28,2,1,4
BRDA:40,3,0,4
BRDA:40,3,1,2
BRF:8
BRH:6
end_of_record
TN:
SF:rulesUtils.js
FN:12,(anonymous_0)
FN:14,(anonymous_1)
FN:27,(anonymous_2)
FN:37,(anonymous_3)
FN:58,(anonymous_4)
FN:104,(anonymous_5)
FN:108,(anonymous_6)
FN:129,(anonymous_7)
FN:146,(anonymous_8)
FN:153,(anonymous_9)
FNF:10
FNH:5
FNDA:1,(anonymous_0)
FNDA:2,(anonymous_1)
FNDA:5,(anonymous_2)
FNDA:2,(anonymous_3)
FNDA:0,(anonymous_4)
FNDA:0,(anonymous_5)
FNDA:0,(anonymous_6)
FNDA:0,(anonymous_7)
FNDA:1,(anonymous_8)
FNDA:0,(anonymous_9)
DA:1,1
DA:2,1
DA:3,1
DA:12,1
DA:13,1
DA:14,1
DA:15,2
DA:17,1
DA:18,1
DA:27,1
DA:28,5
DA:37,1
DA:38,2
DA:39,2
DA:40,1
DA:41,1
DA:44,1
DA:58,1
DA:59,0
DA:60,0
DA:62,0
DA:64,0
DA:65,0
DA:67,0
DA:75,0
DA:78,0
DA:104,1
DA:107,0
DA:108,0
DA:110,0
DA:111,0
DA:112,0
DA:129,1
DA:131,0
DA:132,0
DA:133,0
DA:134,0
DA:146,1
DA:147,1
DA:150,1
DA:151,0
DA:152,0
DA:153,0
DA:154,0
DA:158,1
DA:159,1
DA:160,1
DA:163,0
DA:167,1
LF:49
LH:27
BRDA:17,0,0,0
BRDA:17,0,1,1
BRDA:17,1,0,1
BRDA:17,1,1,0
BRDA:39,2,0,1
BRDA:39,2,1,1
BRDA:58,3,0,0
BRDA:62,4,0,0
BRDA:62,4,1,0
BRDA:62,5,0,0
BRDA:62,5,1,0
BRDA:108,6,0,0
BRDA:108,6,1,0
BRDA:111,7,0,0
BRDA:111,7,1,0
BRDA:133,8,0,0
BRDA:133,8,1,0
BRDA:146,9,0,1
BRDA:150,10,0,0
BRDA:150,10,1,1
BRDA:154,11,0,0
BRDA:154,11,1,0
BRDA:158,12,0,1
BRDA:158,12,1,0
BRF:24
BRH:7
end_of_record
TN:
SF:timeUtils.js
FN:27,(anonymous_0)
FN:58,(anonymous_1)
FN:73,(anonymous_2)
FN:83,(anonymous_3)
FN:93,(anonymous_4)
FN:112,(anonymous_5)
FN:188,(anonymous_6)
FN:203,(anonymous_7)
FN:217,(anonymous_8)
FN:235,(anonymous_9)
FNF:10
FNH:10
FNDA:3,(anonymous_0)
FNDA:2,(anonymous_1)
FNDA:11,(anonymous_2)
FNDA:12,(anonymous_3)
FNDA:5,(anonymous_4)
FNDA:10,(anonymous_5)
FNDA:1,(anonymous_6)
FNDA:1,(anonymous_7)
FNDA:1,(anonymous_8)
FNDA:2,(anonymous_9)
DA:1,1
DA:2,1
DA:3,1
DA:4,1
DA:5,1
DA:6,1
DA:27,1
DA:28,3
DA:29,3
DA:30,3
DA:31,3
DA:33,3
DA:34,3
DA:35,4
DA:37,4
DA:38,4
DA:39,4
DA:42,3
DA:43,1
DA:46,2
DA:58,1
DA:59,2
DA:60,2
DA:61,1
DA:63,1
DA:64,1
DA:73,1
DA:74,11
DA:75,11
DA:83,1
DA:84,12
DA:85,12
DA:93,1
DA:94,5
DA:95,5
DA:112,1
DA:113,10
DA:114,10
DA:116,10
DA:119,10
DA:120,0
DA:122,10
DA:123,0
DA:124,0
DA:125,0
DA:127,10
DA:128,0
DA:129,0
DA:130,0
DA:132,10
DA:133,9
DA:136,8
DA:137,7
DA:138,7
DA:143,1
DA:144,0
DA:145,0
DA:146,0
DA:147,0
DA:153,1
DA:156,1
DA:157,1
DA:159,0
DA:160,0
DA:162,0
DA:163,0
DA:165,0
DA:166,0
DA:167,0
DA:168,0
DA:172,0
DA:173,0
DA:177,10
DA:188,1
DA:189,1
DA:190,1
DA:191,1
DA:192,1
DA:203,1
DA:204,1
DA:205,1
DA:206,1
DA:217,1
DA:218,1
DA:219,1
DA:220,1
DA:235,1
DA:236,2
DA:237,2
DA:238,2
DA:239,2
DA:240,2
DA:243,2
DA:244,0
DA:245,0
DA:247,0
DA:248,0
DA:252,2
DA:255,1
LF:99
LH:74
BRDA:42,0,0,1
BRDA:42,0,1,2
BRDA:60,1,0,1
BRDA:60,1,1,1
BRDA:63,2,0,1
BRDA:63,2,1,0
BRDA:63,3,0,1
BRDA:63,3,1,0
BRDA:116,4,0,0
BRDA:116,4,1,10
BRDA:119,5,0,0
BRDA:119,5,1,10
BRDA:122,6,0,0
BRDA:122,6,1,10
BRDA:127,7,0,0
BRDA:127,7,1,10
BRDA:132,8,0,9
BRDA:132,8,1,1
BRDA:132,9,0,10
BRDA:132,9,1,1
BRDA:133,10,0,1
BRDA:133,10,1,8
BRDA:136,11,0,7
BRDA:136,11,1,1
BRDA:143,12,0,0
BRDA:143,12,1,1
BRDA:146,13,0,0
BRDA:146,13,1,0
BRDA:146,14,0,0
BRDA:146,14,1,0
BRDA:156,15,0,1
BRDA:156,15,1,0
BRDA:156,16,0,1
BRDA:156,16,1,0
BRDA:159,17,0,0
BRDA:159,17,1,0
BRDA:162,18,0,0
BRDA:162,18,1,0
BRDA:165,19,0,0
BRDA:165,19,1,0
BRDA:167,20,0,0
BRDA:167,20,1,0
BRDA:172,21,0,0
BRDA:172,21,1,0
BRDA:172,22,0,0
BRDA:172,22,1,0
BRDA:235,23,0,0
BRDA:243,24,0,0
BRDA:243,24,1,2
BRDA:244,25,0,0
BRDA:244,25,1,0
BRDA:247,26,0,0
BRDA:247,26,1,0
BRDA:252,27,0,2
BRDA:252,27,1,2
BRF:55
BRH:24
end_of_record
TN:
SF:timerMgr.js
FN:17,(anonymous_0)
FN:49,(anonymous_1)
FN:70,(anonymous_2)
FN:95,(anonymous_3)
FN:104,(anonymous_4)
FN:116,(anonymous_5)
FN:134,(anonymous_6)
FN:152,getTimerMgr
FNF:8
FNH:6
FNDA:6,(anonymous_0)
FNDA:8,(anonymous_1)
FNDA:5,(anonymous_2)
FNDA:27,(anonymous_3)
FNDA:0,(anonymous_4)
FNDA:3,(anonymous_5)
FNDA:0,(anonymous_6)
FNDA:2,getTimerMgr
DA:1,3
DA:2,3
DA:22,6
DA:23,6
DA:50,8
DA:53,8
DA:54,2
DA:55,1
DA:58,1
DA:60,2
DA:61,1
DA:63,2
DA:64,0
DA:70,6
DA:72,5
DA:73,5
DA:74,5
DA:75,5
DA:79,5
DA:80,5
DA:82,5
DA:83,5
DA:86,6
DA:87,6
DA:96,27
DA:105,0
DA:106,0
DA:109,0
DA:117,3
DA:118,1
DA:119,1
DA:120,1
DA:122,1
DA:123,1
DA:124,1
DA:135,0
DA:136,0
DA:137,0
DA:138,0
DA:139,0
DA:140,0
DA:143,0
DA:144,0
DA:153,2
DA:156,3
LF:45
LH:33
BRDA:53,0,0,2
BRDA:53,0,1,6
BRDA:54,1,0,1
BRDA:54,1,1,1
BRDA:60,2,0,1
BRDA:60,2,1,1
BRDA:63,3,0,0
BRDA:63,3,1,2
BRDA:72,4,0,5
BRDA:72,4,1,0
BRDA:74,5,0,5
BRDA:74,5,1,0
BRDA:79,6,0,5
BRDA:79,6,1,0
BRDA:82,7,0,5
BRDA:82,7,1,0
BRDA:87,8,0,6
BRDA:87,8,1,0
BRDA:105,9,0,0
BRDA:105,9,1,0
BRDA:117,10,0,1
BRDA:117,10,1,2
BRDA:119,11,0,1
BRDA:119,11,1,0
BRDA:123,12,0,1
BRDA:123,12,1,0
BRDA:139,13,0,0
BRDA:139,13,1,0
BRDA:139,14,0,0
BRDA:139,14,1,0
BRDA:139,14,2,0
BRF:31
BRH:16
end_of_record
